

Starting up. 19:20.47
---------------------
[19:20:50]ADMIN: Loading jobban_rank
[19:20:50]ADMIN: jobban_keylist was empty
[19:20:50]ADMIN: Loading Banlist
[19:20:50]ADMIN: Banlist is empty.
[19:20:50]ADMIN: Banlist missing base dir.
[19:20:56]DEBUG: Rebuilding Master Controller
[19:24:05]ACCESS: Login: Linteir/(Linteir) from 127.0.0.1-3070425652 || BYOND v506
[19:25:29]VOTE: Gamemode vote started by the server.
[19:25:29]DEBUG: The server has called a gamemode vote
[19:26:29]VOTE: <b>Vote Result: Inconclusive - No Votes!</b>
[19:28:09]ACCESS: Logout: *no key*/(Linteir)
[19:28:09]ACCESS: Login: Linteir/(Clover Stocker) from 127.0.0.1-3070425652 || BYOND v506
[19:28:17]DEBUG: Next event of severity Mundane in 14.048 minutes.
[19:28:17]DEBUG: Next event of severity Moderate in 44.618 minutes.
[19:28:17]DEBUG: Next event of severity Major in 95.5433 minutes.
[19:28:21]EMOTE: mouse (40)/ : <B>The mouse (40)</B> squeeks.
[19:28:26]SAY: grey baby slime (726)/ : Rawr...
[19:28:31]EMOTE: Ian/ : <B>Ian</B> shivers.
[19:28:47]EMOTE: mouse (486)/ : <B>The mouse (486)</B> shakes.
[19:29:02]SAY: Tom/ : Squeek!
[19:29:11]EMOTE: Ian/ : <B>Ian</B> chases their tail
[19:29:54]EMOTE: Ian/ : <B>Ian</B> dances around
[19:29:59]EMOTE: Ian/ : <B>Ian</B> shivers.
[19:30:50]EMOTE: Experiment 68a/ : <B>Experiment 68a</B> clicks.
[19:31:20]EMOTE: mouse (521)/ : <B>The mouse (521)</B> squiks.
[19:31:37]SAY: mouse (521)/ : Squeek!
[19:32:05]EMOTE: Runtime/ : <B>Runtime</B> mews.
[19:32:40]EMOTE: Ian/ : <B>Ian</B> chases their tail
[19:33:27]EMOTE: mouse (40)/ : <B>The mouse (40)</B> shakes.
[19:33:27]EMOTE: Ian/ : <B>Ian</B> dances around
[19:33:27]SAY: Experiment 97d/ : Eh?
[19:33:39]SAY: Runtime/ : HSSSSS
[19:33:46]EMOTE: Experiment 97d/ : <B>Experiment 97d</B> brays.
[19:34:21]EMOTE: Experiment 68a/ : <B>Experiment 68a</B> clacks.
[19:34:23]EMOTE: mouse (519)/ : <B>The mouse (519)</B> squiks.
[19:35:06]SAY: Experiment 97d/ : EHEHEHEHEH
[19:36:31]EMOTE: crab/ : <B>The crab</B> clicks.
[19:36:51]EMOTE: Ian/ : <B>Ian</B> chases their tail
[19:38:06]EMOTE: mouse (486)/ : <B>The mouse (486)</B> squeeks.
[19:38:20]EMOTE: Ian/ : <B>Ian</B> chases their tail
[19:38:29]EMOTE: Ian/ : <B>Ian</B> chases their tail
[19:39:57]SAY: Ian/ : YAP
[19:40:42]EMOTE: crab/ : <B>The crab</B> clacks.
[19:42:14]EMOTE: Experiment 97d/ : <B>Experiment 97d</B> shakes its head.
[19:42:41]SAY: Experiment 97d/ : EHEHEHEHEH
[19:44:24]EMOTE: Experiment 97d/ : <B>Experiment 97d</B> brays.
[19:44:36]EMOTE: Ian/ : <B>Ian</B> yaps.
[19:45:43]ADMIN: Linteir/(Clover Stocker) spawned /obj/structure/particle_accelerator/particle_emitter/center at (180,86,1)
[19:46:02]ADMIN: Linteir/(Clover Stocker) spawned /obj/machinery/power/emitter at (180,88,1)
[19:46:31]EMOTE: Experiment 68a/ : <B>Experiment 68a</B> clacks.
[19:46:42]DEBUG: Next event of severity Mundane in 14.28 minutes.
[19:46:42]DEBUG: Starting event 'Nothing' of severity Mundane.
[19:46:45]DEBUG: Event 'Nothing' has completed at 12:18.
[19:47:06]ADMIN: Linteir/(Clover Stocker) spawned /obj/item/clothing/glasses/welding at (180,86,1)
[19:47:13]EMOTE: Coffee/ : <B>Coffee</B> clicks.
[19:47:27]EMOTE: Experiment 97d/ : <B>Experiment 97d</B> shakes its head.
[19:47:32]ADMIN: Linteir/(Clover Stocker) spawned /obj/item/weapon/wrench at (180,86,1)
[19:47:58]ADMIN: Linteir/(Clover Stocker) spawned /obj/item/weapon/weldingtool at (180,86,1)
[19:48:02]EMOTE: Ian/ : <B>Ian</B> chases their tail
[19:48:02]EMOTE: Experiment 97d/ : <B>Experiment 97d</B> shakes its head.
[19:48:51]ADMIN: Linteir/(Clover Stocker) spawned /obj/item/weapon/crowbar/red at (180,87,1)
[19:49:09]EMOTE: Ian/ : <B>Ian</B> dances around
[19:49:22]ADMIN: Linteir/(Clover Stocker) spawned /obj/item/stack/cable_coil/green at (180,87,1)
[19:50:10]ADMIN: Linteir/(Clover Stocker) spawned /obj/machinery/field_generator at (181,82,1)
[19:50:51]ADMIN: Linteir/(Clover Stocker) deleted EM Containment Grid at (177,86,1)
[19:51:01]EMOTE: Coffee/ : <B>Coffee</B> clacks.
[19:51:06]EMOTE: crab/ : <B>The crab</B> clacks.
[19:51:06]ADMIN: Linteir/(Clover Stocker) spawned /obj/machinery/field_generator at (177,82,1)
[19:51:46]SAY: Runtime/ : HSSSSS
[19:52:30]EMOTE: Experiment 68a/ : <B>Experiment 68a</B> clacks.
[19:53:40]SAY: grey baby slime (638)/ : Lonely...
[19:53:57]EMOTE: crab/ : <B>The crab</B> clacks.
[19:54:13]ADMIN: Linteir/(Clover Stocker) spawned /obj/machinery/power/emitter at (177,88,1)
[19:55:07]SAY: grey baby slime (726)/ : Rawr...
[19:56:33]GAME: Emitter turned on by linteir(Clover Stocker) in (177,87,1)
[19:56:35]SAY: grey baby slime (638)/ : Rawr...
[19:56:36]GAME: Emitter turned on by linteir(Clover Stocker) in (181,87,1)
[19:56:49]EMOTE: Ian/ : <B>Ian</B> dances around
[19:56:56]ADMIN: Linteir/(Clover Stocker) made all areas powered
[19:56:56]ADMIN: Linteir/(Clover Stocker) used secret power
[19:56:58]ADMIN: Linteir/(Clover Stocker) made all SMESs powered
[19:56:58]ADMIN: Linteir/(Clover Stocker) used secret quickpower
[19:57:01]EMOTE: Experiment 68a/ : <B>Experiment 68a</B> clacks.
[19:57:04]GAME: Emitter turned off by linteir(Clover Stocker) in (177,87,1)
[19:57:07]GAME: Emitter turned on by linteir(Clover Stocker) in (177,87,1)
[19:57:39]EMOTE: Experiment 68a/ : <B>Experiment 68a</B> clicks.
[19:58:51]ADMIN: Linteir/(Clover Stocker) modified Containment Field's icon to lightning.dmi
[19:58:56]ADMIN: Linteir/(Clover Stocker) modified Containment Field's icon_state to field
[19:59:39]ADMIN: Linteir/(Clover Stocker) mass modified Containment Field's icon to lightning.dmi
[19:59:43]ADMIN: Linteir/(Clover Stocker) mass modified Containment Field's icon_state to field
[20:00:11]ADMIN: Linteir/(Clover Stocker) jumped to 179,80,1 in the Xenobiology Lab
[20:00:19]EMOTE: Ian/ : <B>Ian</B> dances around
[20:00:22]ADMIN: Linteir/(Clover Stocker) healed / revived Linteir/(Clover Stocker)
[20:00:56]EMOTE: Ian/ : <B>Ian</B> chases their tail
[20:01:40]ADMIN: Linteir/(Clover Stocker) spawned /obj/item/weapon/gun/rocketlauncher/soldier at (179,80,1)
[20:02:02]ADMIN: Linteir/(Clover Stocker) spawned /obj/item/ammo_casing/rocket at (180,80,1)
[20:02:37]ACCESS: Logout: Linteir/(Clover Stocker)


Starting up. 20:39.30
---------------------
[20:39:32]ADMIN: Loading jobban_rank
[20:39:32]ADMIN: jobban_keylist was empty
[20:39:32]ADMIN: Loading Banlist
[20:39:36]DEBUG: Rebuilding Master Controller
[20:41:05]ACCESS: Login: Linteir/(Linteir) from 127.0.0.1-3070425652 || BYOND v506
[20:42:17]ADMIN: Linteir has started the game.
[20:42:18]ACCESS: Logout: *no key*/(Linteir)
[20:42:18]ACCESS: Login: Linteir/(Tidy) from 127.0.0.1-3070425652 || BYOND v506
[20:42:25]DEBUG: Next event of severity Mundane in 13.018 minutes.
[20:42:25]DEBUG: Next event of severity Moderate in 43.126 minutes.
[20:42:25]DEBUG: Next event of severity Major in 98.4233 minutes.
[20:43:15]ADMIN: Linteir/(Tidy) spawned /mob/living/carbon/human at (113,128,1)
[20:43:41]ADMIN: Linteir/(Tidy) deleted the unknown at (113,128,1)
[20:44:03]EMOTE: Experiment 97d/ : <B>Experiment 97d</B> shakes its head.
[20:44:05]EMOTE: mouse (518)/ : <B>The mouse (518)</B> squeeks.
[20:44:10]ACCESS: Logout: *no key*/(Tidy)
[20:44:10]ACCESS: Login: Linteir/(Tidy) from 127.0.0.1-3070425652 || BYOND v506
[20:44:31]ADMIN: Linteir/(Tidy) spawned /mob/living/carbon/human at (113,112,1)
[20:44:44]ADMIN: Linteir/(Tidy) assumed direct control of the unknown.
[20:44:44]ACCESS: Logout: *no key*/(Tidy)
[20:44:44]ACCESS: Login: linteir/(unknown) from 127.0.0.1-3070425652 || BYOND v506
[20:45:39]EMOTE: Ian/ : <B>Ian</B> dances around
[20:45:47]EMOTE: mouse (7)/ : <B>The mouse (7)</B> scritches at something.
[20:45:54]ADMIN: linteir/(unknown) spawned /obj/item/weapon/gun/rocketlauncher/soldier at (112,112,1)
[20:46:06]ADMIN: linteir/(unknown) spawned /obj/item/ammo_casing/rocket at (111,112,1)
[20:46:33]SAY: grey baby slime (23)/ : Blorble...
[20:46:37]EMOTE: crab/ : <B>The crab</B> clicks.
[20:46:42]ADMIN: linteir/(unknown) spawned /obj/item/weapon/gun/launcher/rocket at (111,112,1)
[20:47:13]GAME: <a href='?priv_msg=[0x5000000]'>linteir</a>/(unknown) used a rocket launcher (rocket launcher) at Officer Beepsky.
[20:47:13]GAME: Explosion with size (0, 1, 2) in area Central Primary Hallway 
[20:47:30]ADMIN: linteir/(unknown) jumped to 121,112,1 in the Central Primary Hallway
[20:47:35]EMOTE: Ian/ : <B>Ian</B> shivers.
[20:48:24]EMOTE: Runtime/ : <B>Runtime</B> meows.
[20:48:50]SAY: Runtime/ : Esp!
[20:49:25]EMOTE: crab/ : <B>The crab</B> clacks.
[20:50:01]SAY: grey baby slime (23)/ : Lonely...
[20:50:27]EMOTE: Experiment 97d/ : <B>Experiment 97d</B> shakes its head.
[20:51:45]EMOTE: Ian/ : <B>Ian</B> chases their tail
[20:52:01]EMOTE: Ian/ : <B>Ian</B> woofs.
[20:52:08]EMOTE: Runtime/ : <B>Runtime</B> shakes their head.
[20:52:38]EMOTE: Coffee/ : <B>Coffee</B> clicks.
[20:52:43]EMOTE: Experiment 97d/ : <B>Experiment 97d</B> shakes its head.
[20:52:52]EMOTE: mouse (648)/ : <B>The mouse (648)</B> runs in a circle.
[20:55:00]EMOTE: Ian/ : <B>Ian</B> chases their tail
[20:55:40]EMOTE: crab/ : <B>The crab</B> clicks.
[20:57:30]SAY: Ian/ : Woof!
[20:57:37]SAY: Runtime/ : Esp!
[20:58:33]EMOTE: Runtime/ : <B>Runtime</B> shivers.
[20:59:10]EMOTE: Ian/ : <B>Ian</B> chases their tail
[20:59:28]DEBUG: Next event of severity Mundane in 12.162 minutes.
[20:59:28]DEBUG: Starting event 'Mundane News' of severity Mundane.
[20:59:54]DEBUG: Event 'Mundane News' has completed at 12:14.
[21:00:20]EMOTE: Experiment 97d/ : <B>Experiment 97d</B> stamps a foot.
[21:01:49]SAY: grey baby slime (23)/ : Blop...
[21:02:47]EMOTE: Ian/ : <B>Ian</B> chases their tail
[21:03:44]EMOTE: Ian/ : <B>Ian</B> dances around
[21:04:25]EMOTE: Experiment 97d/ : <B>Experiment 97d</B> glares around.
[21:04:30]EMOTE: Experiment 68a/ : <B>Experiment 68a</B> clicks.
[21:06:03]EMOTE: Coffee/ : <B>Coffee</B> clacks.
[21:07:06]EMOTE: Ian/ : <B>Ian</B> dances around
[21:07:17]SAY: Runtime/ : Purr!
[21:07:50]SAY: Experiment 97d/ : Eh?
[21:08:11]SAY: grey baby slime (626)/ : Blorble...
[21:08:20]SAY: Experiment 97d/ : EHEHEHEHEH
[21:08:41]EMOTE: Ian/ : <B>Ian</B> dances around
[21:09:27]SAY: grey baby slime (626)/ : Blorble...
[21:12:41]EMOTE: Ian/ : <B>Ian</B> chases their tail
[21:13:22]SAY: grey baby slime (626)/ : Rawr...
[21:13:27]EMOTE: Coffee/ : <B>Coffee</B> clicks.
[21:13:41]EMOTE: crab/ : <B>The crab</B> clacks.
[21:15:21]DEBUG: Next event of severity Mundane in 13.632 minutes.
[21:15:21]DEBUG: Starting event 'Trivial News' of severity Mundane.
[21:15:46]DEBUG: Event 'Trivial News' has completed at 12:26.
[21:16:15]EMOTE: Ian/ : <B>Ian</B> dances around
[21:17:16]EMOTE: Runtime/ : <B>Runtime</B> meows.
[21:17:30]SAY: grey baby slime (23)/ : Blorble...
[21:17:32]EMOTE: Ian/ : <B>Ian</B> chases their tail
[21:18:23]EMOTE: crab/ : <B>The crab</B> clacks.
[21:18:46]SAY: Experiment 97d/ : Eh?
[21:20:09]EMOTE: Ian/ : <B>Ian</B> dances around
[21:21:04]SAY: grey baby slime (23)/ : Blop...
[21:21:32]EMOTE: Coffee/ : <B>Coffee</B> clacks.
[21:21:55]EMOTE: Ian/ : <B>Ian</B> chases their tail
[21:22:10]EMOTE: Experiment 68a/ : <B>Experiment 68a</B> clicks.
[21:22:30]EMOTE: Ian/ : <B>Ian</B> chases their tail
[21:24:46]EMOTE: Experiment 97d/ : <B>Experiment 97d</B> brays.
[21:24:48]EMOTE: Experiment 68a/ : <B>Experiment 68a</B> clicks.
[21:25:42]EMOTE: Ian/ : <B>Ian</B> chases their tail
[21:26:59]EMOTE: Experiment 68a/ : <B>Experiment 68a</B> clacks.
[21:27:09]EMOTE: Experiment 68a/ : <B>Experiment 68a</B> clicks.
[21:27:55]EMOTE: crab/ : <B>The crab</B> clacks.
[21:28:03]EMOTE: crab/ : <B>The crab</B> clicks.
[21:28:48]EMOTE: crab/ : <B>The crab</B> clacks.
[21:29:48]SAY: grey baby slime (23)/ : Blorble...
[21:31:26]EMOTE: Ian/ : <B>Ian</B> dances around
[21:32:31]SAY: grey baby slime (23)/ : Bored...
[21:32:43]EMOTE: crab/ : <B>The crab</B> clacks.
[21:32:48]EMOTE: Coffee/ : <B>Coffee</B> clacks.
[21:33:13]DEBUG: Next event of severity Mundane in 12.434 minutes.
[21:33:13]DEBUG: Starting event 'Economic News' of severity Mundane.
[21:34:11]ADMIN: linteir/(unknown) spawned /obj/item/weapon/gun/launcher/rocket at (130,115,1)
[21:34:25]ACCESS: Logout: linteir/(unknown)


Starting up. 21:43.34
---------------------
[21:43:36]ADMIN: Loading jobban_rank
[21:43:36]ADMIN: jobban_keylist was empty
[21:43:37]ADMIN: Loading Banlist
[21:43:40]DEBUG: Rebuilding Master Controller
[21:44:19]ACCESS: Login: Linteir/(Linteir) from 127.0.0.1-3070425652 || BYOND v506
[21:45:09]ACCESS: Logout: *no key*/(Linteir)
[21:45:09]ACCESS: Login: Linteir/(Lanny Garratt) from 127.0.0.1-3070425652 || BYOND v506
[21:45:20]ADMIN: Linteir/(Lanny Garratt) spawned /mob/living/carbon/human at (41,145,1)
[21:45:35]ACCESS: Logout: *no key*/(Lanny Garratt)
[21:45:36]ACCESS: Login: linteir/(Lanny Garratt) from 127.0.0.1-3070425652 || BYOND v506
[21:45:36]ADMIN: *no key*/(Lanny Garratt) assumed direct control of Lanny Garratt.
[21:45:36]ACCESS: Logout: *no key*/(Lanny Garratt)
[21:45:36]ACCESS: Login: linteir/(Lanny Garratt) from 127.0.0.1-3070425652 || BYOND v506
[21:45:53]ADMIN: linteir/(Lanny Garratt) assumed direct control of the unknown.
[21:45:53]ACCESS: Logout: *no key*/(Lanny Garratt)
[21:45:53]ACCESS: Login: linteir/(unknown) from 127.0.0.1-3070425652 || BYOND v506
[21:46:05]ADMIN: linteir/(unknown) spawned /obj/item/weapon/paper at (41,145,1)
[21:46:27]VOTE: Gamemode vote started by the server.
[21:46:27]DEBUG: The server has called a gamemode vote
[21:46:29]ADMIN: linteir/(unknown) spawned /obj/item/weapon/pen/red at (41,145,1)
[21:47:28]VOTE: <b>Vote Result: Inconclusive - No Votes!</b>
[21:49:13]EMOTE: mouse (84)/ : <B>The mouse (84)</B> runs in a circle.
[21:49:15]DEBUG: Next event of severity Mundane in 14.786 minutes.
[21:49:15]DEBUG: Next event of severity Moderate in 48.754 minutes.
[21:49:15]DEBUG: Next event of severity Major in 98.0483 minutes.
[21:49:26]EMOTE: Coffee/ : <B>Coffee</B> clicks.
[21:49:36]EMOTE: Runtime/ : <B>Runtime</B> shivers.
[21:49:40]SAY: mouse (84)/ : Squeek!
[21:49:55]EMOTE: crab/ : <B>The crab</B> clicks.
[21:50:53]EMOTE: mouse (199)/ : <B>The mouse (199)</B> squiks.
[21:50:55]SAY: grey baby slime (505)/ : Lonely...
[21:51:02]SAY: mouse (162)/ : SQUEEK!
[21:51:07]SAY: mouse (633)/ : Squeek!
[21:51:14]EMOTE: mouse (932)/ : <B>The mouse (932)</B> squeeks.
[21:51:56]EMOTE: mouse (162)/ : <B>The mouse (162)</B> squeaks.
[21:51:59]EMOTE: Ian/ : <B>Ian</B> chases their tail
[21:52:45]SAY: mouse (162)/ : Squeek!
[21:54:31]EMOTE: Ian/ : <B>Ian</B> dances around
[21:56:06]EMOTE: Ian/ : <B>Ian</B> barks.
[21:57:02]EMOTE: crab/ : <B>The crab</B> clicks.
[21:57:14]SAY: mouse (199)/ : SQUEEK!
[21:58:04]SAY: Experiment 97d/ : EHEHEHEHEH
[22:01:14]EMOTE: crab/ : <B>The crab</B> clacks.
[22:01:49]EMOTE: Coffee/ : <B>Coffee</B> clicks.
[22:03:14]EMOTE: crab/ : <B>The crab</B> clicks.
[22:04:50]EMOTE: Ian/ : <B>Ian</B> dances around
[22:05:09]EMOTE: Experiment 68a/ : <B>Experiment 68a</B> clicks.
[22:05:16]EMOTE: crab/ : <B>The crab</B> clicks.
[22:05:36]EMOTE: Runtime/ : <B>Runtime</B> meows.
[22:05:59]EMOTE: Ian/ : <B>Ian</B> dances around
[22:08:44]DEBUG: Next event of severity Mundane in 17.504 minutes.
[22:08:44]DEBUG: Starting event 'Economic News' of severity Mundane.
[22:08:51]SAY: grey baby slime (624)/ : Blorble...
[22:11:10]EMOTE: Coffee/ : <B>Coffee</B> clacks.
[22:11:45]DEBUG: Event 'Economic News' has completed at 12:21.
[22:12:02]SAY: Runtime/ : HSSSSS
[22:15:04]EMOTE: Ian/ : <B>Ian</B> dances around
[22:15:08]SAY: grey baby slime (505)/ : Rawr...
[22:15:32]EMOTE: Runtime/ : <B>Runtime</B> mews.
[22:17:15]EMOTE: Ian/ : <B>Ian</B> dances around
[22:18:09]EMOTE: crab/ : <B>The crab</B> clicks.
[22:18:19]EMOTE: crab/ : <B>The crab</B> clicks.
[22:18:59]EMOTE: Experiment 68a/ : <B>Experiment 68a</B> clicks.
[22:20:07]EMOTE: Ian/ : <B>Ian</B> dances around
[22:24:54]ACCESS: Logout: linteir/(unknown)


Starting up. 23:12.05
---------------------
[23:12:08]ADMIN: Loading jobban_rank
[23:12:08]ADMIN: jobban_keylist was empty
[23:12:08]ADMIN: Loading Banlist
[23:12:12]DEBUG: Rebuilding Master Controller
