

Starting up. 12:08.47
---------------------
[12:08:49]ADMIN: Loading jobban_rank
[12:08:49]ADMIN: jobban_keylist was empty
[12:08:49]ADMIN: Loading Banlist
[12:08:53]DEBUG: Rebuilding Master Controller
[12:10:41]ACCESS: Login: Linteir/(Linteir) from 127.0.0.1-3070425652 || BYOND v506
[12:12:04]ADMIN: Linteir has started the game.
[12:12:05]ACCESS: Logout: *no key*/(Linteir)
[12:12:05]ACCESS: Login: Linteir/(Jayce Young) from 127.0.0.1-3070425652 || BYOND v506
[12:12:12]EMOTE: mouse (814)/ : <B>The mouse (814)</B> squiks.
[12:12:15]DEBUG: Next event of severity Mundane in 17.454 minutes.
[12:12:15]DEBUG: Next event of severity Moderate in 41.394 minutes.
[12:12:15]DEBUG: Next event of severity Major in 80.075 minutes.
[12:12:35]EMOTE: Tom/ : <B>Tom</B> shakes.
[12:12:39]EMOTE: Experiment 68a/ : <B>Experiment 68a</B> clacks.
[12:13:32]EMOTE: mouse (481)/ : <B>The mouse (481)</B> shakes.
[12:13:46]ADMIN: Linteir/(Jayce Young) spawned /obj/item/clothing/head/helmet/classic at (114,111,1)
[12:14:10]EMOTE: mouse (382)/ : <B>The mouse (382)</B> scritches at something.
[12:15:16]EMOTE: Ian/ : <B>Ian</B> chases their tail
[12:15:29]ADMIN: Linteir/(Jayce Young) spawned /obj/item/weapon/gun/launcher/rocket/soldier at (98,122,1)
[12:15:50]ADMIN: Linteir/(Jayce Young) spawned /obj/item/ammo_casing/rocket at (98,122,1)
[12:15:52]ADMIN: Linteir/(Jayce Young) spawned /obj/item/ammo_casing/rocket at (98,122,1)
[12:15:54]ADMIN: Linteir/(Jayce Young) spawned /obj/item/ammo_casing/rocket at (98,122,1)
[12:15:56]ADMIN: Linteir/(Jayce Young) spawned /obj/item/ammo_casing/rocket at (98,122,1)
[12:16:15]EMOTE: mouse (481)/ : <B>The mouse (481)</B> scritches at something.
[12:16:58]EMOTE: mouse (113)/ : <B>The mouse (113)</B> squeaks.
[12:16:58]EMOTE: mouse (766)/ : <B>The mouse (766)</B> runs in a circle.
[12:17:10]ADMIN: Linteir/(Jayce Young) jumped to Security Substation
[12:17:19]ADMIN: Linteir/(Jayce Young) jumped to the Brig
[12:17:26]ADMIN: Linteir/(Jayce Young) jumped to 95,173,1 in the Brig
[12:18:30]EMOTE: Tom/ : <B>Tom</B> shakes.
[12:20:15]EMOTE: mouse (113)/ : <B>The mouse (113)</B> squeeks.
[12:20:44]SAY: Runtime/ : HSSSSS
[12:21:05]EMOTE: mouse (766)/ : <B>The mouse (766)</B> runs in a circle.
[12:22:17]EMOTE: Ian/ : <B>Ian</B> chases their tail
[12:22:42]ADMIN: Linteir/(Jayce Young) spawned /obj/item/weapon/pickaxe at (109,187,1)
[12:22:50]ADMIN: Linteir/(Jayce Young) spawned /obj/item/weapon/pickaxe/hand at (110,187,1)
[12:23:02]SAY: grey baby slime (298)/ : Blop...
[12:23:02]EMOTE: Runtime/ : <B>Runtime</B> shivers.
[12:23:09]SAY: mouse (382)/ : Squeek?
[12:23:11]ADMIN: Linteir/(Jayce Young) spawned /obj/item/weapon/pickaxe/two_pick at (111,187,1)
[12:24:08]ADMIN: Linteir/(Jayce Young) spawned /obj/item/weapon/pickaxe at (111,187,1)
[12:24:44]ADMIN: Linteir/(Jayce Young) spawned /obj/item/weapon/pickaxe/hammer at (111,187,1)
[12:25:02]ADMIN: Linteir/(Jayce Young) spawned /obj/item/weapon/pickaxe/silver at (111,187,1)
[12:25:53]ADMIN: Linteir/(Jayce Young) spawned /obj/item/clothing/shoes/jackboots at (106,186,1)
[12:25:55]EMOTE: Experiment 97d/ : <B>Experiment 97d</B> brays.
[12:27:03]ADMIN: Linteir/(Jayce Young) jumped to the Cargo Bay
[12:27:08]ADMIN: Linteir/(Jayce Young) jumped to 86,125,1 in the Cargo Bay
[12:28:02]EMOTE: Jayce Young/Linteir : <B>Jayce Young</B> gasps!
[12:28:14]EMOTE: Jayce Young/Linteir : <B>Jayce Young</B> gasps!
[12:28:28]EMOTE: Jayce Young/Linteir : <B>Jayce Young</B> gasps!
[12:28:31]ADMIN: Linteir/(Jayce Young) healed / revived Linteir/(Jayce Young)
[12:28:40]EMOTE: crab/ : <B>The crab</B> clicks.
[12:28:42]EMOTE: Jayce Young/Linteir : <B>Jayce Young</B> gasps!
[12:28:48]ADMIN: Linteir/(Jayce Young) healed / revived Linteir/(Jayce Young)
[12:28:55]EMOTE: Experiment 68a/ : <B>Experiment 68a</B> clicks.
[12:28:55]EMOTE: Jayce Young/Linteir : <B>Jayce Young</B> gasps!
[12:29:25]SAY: Ian/ : Woof!
[12:30:09]GAME: <a href='?priv_msg=[0x5000000]'>Linteir</a>/(Jayce Young) used a rocket launcher (quadruply rocket launcher) at the floor.
[12:30:09]GAME: Explosion with size (0, 1, 2) in area Mining Station Starboard Wing 
[12:30:10]EMOTE: Jayce Young/Linteir : <B>Jayce Young</B> screams!
[12:30:10]EMOTE: Jayce Young/Linteir : <B>Jayce Young</B> screams in pain and drops what they were holding in their right hand!
[12:30:29]ADMIN: Linteir/(Jayce Young) healed / revived Linteir/(Jayce Young)
[12:30:45]EMOTE: Experiment 68a/ : <B>Experiment 68a</B> clacks.
[12:30:51]GAME: <a href='?priv_msg=[0x5000000]'>Linteir</a>/(Jayce Young) used a rocket launcher (quadruply rocket launcher) at the floor.
[12:30:51]GAME: Explosion with size (0, 1, 2) in area Mining Station Port Wing 
[12:30:52]EMOTE: Jayce Young/Linteir : <B>Jayce Young</B> screams!
[12:31:00]ADMIN: Linteir/(Jayce Young) healed / revived Linteir/(Jayce Young)
[12:31:09]ADMIN: Linteir/(Jayce Young) jumped to 144,75,5 in Mining Station Port Wing
[12:31:13]EMOTE: crab/ : <B>The crab</B> clicks.
[12:31:30]ADMIN: Linteir/(Jayce Young) jumped to 153,73,5 in the Space
[12:31:36]ADMIN: Linteir/(Jayce Young) jumped to 146,75,5 in Mining Station Port Wing
[12:31:42]SAY: Runtime/ : HSSSSS
[12:31:42]ADMIN: Linteir/(Jayce Young) healed / revived Linteir/(Jayce Young)
[12:31:57]GAME: <a href='?priv_msg=[0x5000000]'>Linteir</a>/(Jayce Young) used a rocket launcher (quadruply rocket launcher) at the grille.
[12:31:57]GAME: Explosion with size (0, 1, 2) in area Mining Station Port Wing 
[12:32:39]ADMIN: Linteir/(Jayce Young) has toggled Linteir/(Jayce Young)'s nodamage to On
[12:32:57]GAME: <a href='?priv_msg=[0x5000000]'>Linteir</a>/(Jayce Young) used a rocket launcher (quadruply rocket launcher) at Canister [Air].
[12:32:57]GAME: Explosion with size (0, 1, 2) in area Mining Station Port Wing 
[12:32:57]GAME: Explosion with size (1, 2, 4) in area Mining Station Port Wing 
[12:33:40]SAY: Ian/ : YAP
[12:33:44]ADMIN: Linteir/(Jayce Young) modified Jayce Young's luminosity to 12
[12:33:52]EMOTE: Ian/ : <B>Ian</B> shivers.
[12:34:08]EMOTE: Coffee/ : <B>Coffee</B> clacks.
[12:34:24]ADMIN: Linteir/(Jayce Young) spawned /obj/item/ammo_casing/rocket at (139,67,5)
[12:34:27]ADMIN: Linteir/(Jayce Young) spawned /obj/item/ammo_casing/rocket at (139,67,5)
[12:34:29]ADMIN: Linteir/(Jayce Young) spawned /obj/item/ammo_casing/rocket at (139,67,5)
[12:34:31]ADMIN: Linteir/(Jayce Young) spawned /obj/item/ammo_casing/rocket at (139,67,5)
[12:34:35]ATTACK: Linteir/(Jayce Young) attacked Linteir/(Jayce Young) with rocket shell (INTENT: HURT) (DAMTYE: BRUTE)
[12:34:39]ATTACK: Linteir/(Jayce Young) attacked Linteir/(Jayce Young) with rocket shell (INTENT: HURT) (DAMTYE: BRUTE)
[12:35:01]DEBUG: Next event of severity Mundane in 14.856 minutes.
[12:35:01]DEBUG: Starting event 'Economic News' of severity Mundane.
[12:35:13]GAME: <a href='?priv_msg=[0x5000000]'>Linteir</a>/(Jayce Young) used a rocket launcher (quadruply rocket launcher) at Rock.
[12:35:13]GAME: Explosion with size (0, 1, 2) in area Mine 
[12:35:19]GAME: <a href='?priv_msg=[0x5000000]'>Linteir</a>/(Jayce Young) used a rocket launcher (quadruply rocket launcher) at Rock.
[12:35:19]GAME: Explosion with size (0, 1, 2) in area Mine 
[12:35:26]GAME: <a href='?priv_msg=[0x5000000]'>Linteir</a>/(Jayce Young) used a rocket launcher (quadruply rocket launcher) at Rock.
[12:35:26]GAME: Explosion with size (0, 1, 2) in area Mine 
[12:35:27]GAME: <a href='?priv_msg=[0x5000000]'>Linteir</a>/(Jayce Young) used a rocket launcher (quadruply rocket launcher) at Rock.
[12:35:27]GAME: Explosion with size (0, 1, 2) in area Mine 
[12:35:53]SAY: grey baby slime (261)/ : Lonely...
[12:35:55]SAY: Jayce Young/Linteir : What makes me a good demoman?
[12:36:21]ADMIN: Linteir/(Jayce Young) spawned /obj/item/weapon/gun/launcher/grenade at (131,65,5)
[12:37:21]EMOTE: Jayce Young/Linteir : <B>Jayce Young</B> coughs up blood!
[12:37:23]EMOTE: Jayce Young/Linteir : <B>Jayce Young</B> coughs up blood!
[12:37:28]EMOTE: Jayce Young/Linteir : <B>Jayce Young</B> gasps for air!
[12:37:37]EMOTE: Jayce Young/Linteir : <B>Jayce Young</B> gasps!
[12:37:37]EMOTE: Jayce Young/Linteir : <B>Jayce Young</B> gasps for air!
[12:37:41]ADMIN: Linteir/(Jayce Young) spawned /obj/item/weapon/grenade/spawnergrenade/manhacks at (131,64,5)
[12:38:03]EMOTE: Experiment 68a/ : <B>Experiment 68a</B> clicks.
[12:38:26]EMOTE: Ian/ : <B>Ian</B> yaps.
[12:38:31]EMOTE: Jayce Young/Linteir : <B>Jayce Young</B> gasps for air!
[12:38:35]GAME: <a href='?priv_msg=[0x5000000]'>Linteir</a>/(Jayce Young) used a grenade (manhack delivery grenade).
[12:38:52]EMOTE: Jayce Young/Linteir : <B>Jayce Young</B> screams!
[12:39:01]EMOTE: Jayce Young/Linteir : <B>Jayce Young</B> screams!
[12:39:01]EMOTE: Jayce Young/Linteir : <B>Jayce Young</B> screams!
[12:39:03]EMOTE: Jayce Young/Linteir : <B>Jayce Young</B> screams!
[12:39:03]EMOTE: Jayce Young/Linteir : <B>Jayce Young</B> screams!
[12:39:03]EMOTE: Jayce Young/Linteir : <B>Jayce Young</B> lets out a sharp cry and drops what they were holding in their right hand!
[12:39:03]EMOTE: Jayce Young/Linteir : <B>Jayce Young</B> coughs up blood!
[12:39:06]EMOTE: Ian/ : <B>Ian</B> dances around
[12:39:06]EMOTE: Jayce Young/Linteir : <B>Jayce Young</B> screams!
[12:39:08]EMOTE: Jayce Young/Linteir : <B>Jayce Young</B> screams!
[12:39:08]EMOTE: Jayce Young/Linteir : <B>Jayce Young</B> screams!
[12:39:08]EMOTE: Jayce Young/Linteir : <B>Jayce Young</B> screams!
[12:39:08]EMOTE: Jayce Young/Linteir : <B>Jayce Young</B> screams!
[12:39:08]EMOTE: Jayce Young/Linteir : <B>Jayce Young</B> gasps for air!
[12:39:11]EMOTE: Jayce Young/Linteir : <B>Jayce Young</B> screams!
[12:39:11]EMOTE: Jayce Young/Linteir : <B>Jayce Young</B> screams!
[12:39:13]EMOTE: Jayce Young/Linteir : <B>Jayce Young</B> screams!
[12:39:13]EMOTE: Jayce Young/Linteir : <B>Jayce Young</B> screams!
[12:39:15]EMOTE: Jayce Young/Linteir : <B>Jayce Young</B> screams!
[12:39:15]EMOTE: Jayce Young/Linteir : <B>Jayce Young</B> collapses!
[12:39:16]EMOTE: Jayce Young/Linteir : <B>Jayce Young</B> screams!
[12:39:16]EMOTE: Jayce Young/Linteir : <B>Jayce Young</B> screams!
[12:39:18]EMOTE: Jayce Young/Linteir : <B>Jayce Young</B> screams!
[12:39:18]EMOTE: Jayce Young/Linteir : <B>Jayce Young</B> screams!
[12:39:18]EMOTE: Jayce Young/Linteir : <B>Jayce Young</B> screams!
[12:39:18]EMOTE: Jayce Young/Linteir : <B>Jayce Young</B> screams!
[12:39:20]EMOTE: Jayce Young/Linteir : <B>Jayce Young</B> screams!
[12:39:20]EMOTE: Jayce Young/Linteir : <B>Jayce Young</B> screams!
[12:39:20]EMOTE: Jayce Young/Linteir : <B>Jayce Young</B> screams!
[12:39:20]EMOTE: Jayce Young/Linteir : <B>Jayce Young</B> gasps!
[12:39:20]EMOTE: Jayce Young/Linteir : <B>Jayce Young</B> coughs up blood!
[12:39:22]EMOTE: Jayce Young/Linteir : <B>Jayce Young</B> screams!
[12:39:22]EMOTE: Jayce Young/Linteir : <B>Jayce Young</B> screams!
[12:39:22]EMOTE: Jayce Young/Linteir : <B>Jayce Young</B> screams!
[12:39:22]EMOTE: Jayce Young/Linteir : <B>Jayce Young</B> screams!
[12:39:22]EMOTE: Jayce Young/Linteir : <B>Jayce Young</B> screams!
[12:39:22]EMOTE: Jayce Young/Linteir : <B>Jayce Young</B> screams!
[12:39:23]EMOTE: Jayce Young/Linteir : <B>Jayce Young</B> screams!
[12:39:23]EMOTE: Jayce Young/Linteir : <B>Jayce Young</B> screams!
[12:39:25]EMOTE: Jayce Young/Linteir : <B>Jayce Young</B> screams!
[12:39:25]EMOTE: Jayce Young/Linteir : <B>Jayce Young</B> screams!
[12:39:25]EMOTE: Jayce Young/Linteir : <B>Jayce Young</B> screams!
[12:39:25]EMOTE: Jayce Young/Linteir : <B>Jayce Young</B> screams!
[12:39:27]ADMIN: Linteir/(Jayce Young) healed / revived Linteir/(Jayce Young)
[12:39:32]EMOTE: Jayce Young/Linteir : <B>Jayce Young</B> screams!
[12:39:35]EMOTE: Jayce Young/Linteir : <B>Jayce Young</B> screams!
[12:39:35]EMOTE: Jayce Young/Linteir : <B>Jayce Young</B> screams!
[12:39:36]ADMIN: Linteir/(Jayce Young) has entered build mode.
[12:39:40]ADMIN: Linteir/(Jayce Young) has left build mode.
[12:39:42]EMOTE: Jayce Young/Linteir : <B>Jayce Young</B> screams!
[12:39:42]EMOTE: Jayce Young/Linteir : <B>Jayce Young</B> screams!
[12:39:42]EMOTE: Jayce Young/Linteir : <B>Jayce Young</B> screams!
[12:39:44]EMOTE: Jayce Young/Linteir : <B>Jayce Young</B> screams!
[12:39:47]EMOTE: Jayce Young/Linteir : <B>Jayce Young</B> screams!
[12:39:47]EMOTE: Jayce Young/Linteir : <B>Jayce Young</B> screams!
[12:39:47]EMOTE: Jayce Young/Linteir : <B>Jayce Young</B> screams!
[12:39:48]ADMIN: Linteir/(Jayce Young) deleted the viscerator at (134,66,5)
[12:39:49]EMOTE: Jayce Young/Linteir : <B>Jayce Young</B> screams!
[12:39:49]EMOTE: Jayce Young/Linteir : <B>Jayce Young</B> screams!
[12:39:51]EMOTE: Jayce Young/Linteir : <B>Jayce Young</B> screams!
[12:39:51]EMOTE: Jayce Young/Linteir : <B>Jayce Young</B> collapses!
[12:39:51]EMOTE: Jayce Young/Linteir : <B>Jayce Young</B> screams!
[12:39:54]EMOTE: Jayce Young/Linteir : <B>Jayce Young</B> screams!
[12:39:54]EMOTE: Jayce Young/Linteir : <B>Jayce Young</B> screams!
[12:39:56]EMOTE: Jayce Young/Linteir : <B>Jayce Young</B> screams!
[12:39:56]EMOTE: Jayce Young/Linteir : <B>Jayce Young</B> screams!
[12:39:56]EMOTE: Jayce Young/Linteir : <B>Jayce Young</B> screams!
[12:39:56]EMOTE: Jayce Young/Linteir : <B>Jayce Young</B> screams!
[12:39:58]EMOTE: Jayce Young/Linteir : <B>Jayce Young</B> screams!
[12:39:58]EMOTE: Jayce Young/Linteir : <B>Jayce Young</B> screams!
[12:39:58]EMOTE: Jayce Young/Linteir : <B>Jayce Young</B> screams!
[12:39:58]EMOTE: Jayce Young/Linteir : <B>Jayce Young</B> screams!
[12:39:58]EMOTE: Jayce Young/Linteir : <B>Jayce Young</B> screams!
[12:39:59]ADMIN: Linteir/(Jayce Young) healed / revived Linteir/(Jayce Young)
[12:40:13]EMOTE: Ian/ : <B>Ian</B> dances around
[12:40:15]EMOTE: Jayce Young/Linteir : <B>Jayce Young</B> screams!
[12:40:17]EMOTE: Jayce Young/Linteir : <B>Jayce Young</B> screams!
[12:40:17]EMOTE: Jayce Young/Linteir : <B>Jayce Young</B> screams!
[12:40:19]ADMIN: Linteir/(Jayce Young) spawned /obj/item/weapon/crowbar/red at (134,65,5)
[12:40:19]EMOTE: Jayce Young/Linteir : <B>Jayce Young</B> screams!
[12:40:22]EMOTE: Jayce Young/Linteir : <B>Jayce Young</B> screams!
[12:40:24]EMOTE: Jayce Young/Linteir : <B>Jayce Young</B> screams!
[12:40:28]ADMIN: Linteir/(Jayce Young) healed / revived Linteir/(Jayce Young)
[12:40:28]DEBUG: Event 'Economic News' has completed at 12:22.
[12:40:33]EMOTE: Jayce Young/Linteir : <B>Jayce Young</B> screams!
[12:40:48]EMOTE: Experiment 68a/ : <B>Experiment 68a</B> clicks.
[12:40:48]EMOTE: Coffee/ : <B>Coffee</B> clacks.
[12:40:52]EMOTE: Jayce Young/Linteir : <B>Jayce Young</B> screams!
[12:41:00]EMOTE: Jayce Young/Linteir : <B>Jayce Young</B> screams!
[12:41:03]ADMIN: Linteir/(Jayce Young) spawned /obj/item/weapon/gun/projectile/shotgun/pump/combat at (136,65,5)
[12:41:07]EMOTE: Jayce Young/Linteir : <B>Jayce Young</B> screams!
[12:41:11]EMOTE: Jayce Young/Linteir : <B>Jayce Young</B> screams!
[12:41:11]EMOTE: Jayce Young/Linteir : <B>Jayce Young</B> collapses!
[12:41:18]ADMIN: Linteir/(Jayce Young) healed / revived Linteir/(Jayce Young)
[12:41:30]EMOTE: Ian/ : <B>Ian</B> shakes its head.
[12:41:43]ADMIN: Linteir/(Jayce Young) spawned /obj/item/projectile/bullet/shotgun at (146,66,5)
[12:41:59]EMOTE: Jayce Young/Linteir : <B>Jayce Young</B> screams!
[12:42:01]EMOTE: Jayce Young/Linteir : <B>Jayce Young</B> screams!
[12:42:08]EMOTE: Ian/ : <B>Ian</B> chases their tail
[12:42:10]EMOTE: Jayce Young/Linteir : <B>Jayce Young</B> lets out a sharp cry and drops what they were holding in their left hand!
[12:42:15]EMOTE: Jayce Young/Linteir : <B>Jayce Young</B> screams!
[12:42:22]EMOTE: Coffee/ : <B>Coffee</B> clicks.
[12:42:25]EMOTE: Ian/ : <B>Ian</B> chases their tail
[12:42:25]EMOTE: Jayce Young/Linteir : <B>Jayce Young</B> lets out a sharp cry and drops what they were holding in their left hand!
[12:42:34]EMOTE: Jayce Young/Linteir : <B>Jayce Young</B> cries out and drops what they were holding in their left hand!
[12:42:42]ADMIN: Linteir/(Jayce Young) healed / revived Linteir/(Jayce Young)
[12:42:53]EMOTE: Ian/ : <B>Ian</B> chases their tail
[12:43:13]ADMIN: Linteir/(Jayce Young) jumped to 153,72,5 in the Space
[12:43:49]ADMIN: Linteir/(Jayce Young) spawned /obj/item/weapon/storage/box/shotgunammo at (144,67,5)
[12:44:05]ADMIN: Linteir/(Jayce Young) spawned /obj/item/weapon/storage/box/shotgunshells at (143,67,5)
[12:45:15]EMOTE: Ian/ : <B>Ian</B> barks.
[12:45:27]SAY: grey baby slime (261)/ : Blop...
[12:46:10]ADMIN: Linteir/(Jayce Young) healed / revived Linteir/(Jayce Young)
[12:46:38]ADMIN: Linteir/(Jayce Young) spawned /obj/item/clothing/glasses/meson/eyepatch at (135,66,5)
[12:47:31]EMOTE: Experiment 68a/ : <B>Experiment 68a</B> clicks.
[12:47:49]ADMIN: Linteir/(Jayce Young) spawned /obj/item/weapon/grenade/empgrenade at (132,66,5)
[12:47:55]EMOTE: Jayce Young/Linteir : <B>Jayce Young</B> gasps for air!
[12:48:31]EMOTE: Ian/ : <B>Ian</B> chases their tail
[12:48:37]GAME: <a href='?priv_msg=[0x5000000]'>Linteir</a>/(Jayce Young) used a grenade (classic emp grenade).
[12:48:40]GAME: Explosion with size (-1, 3, 5) in area Mining Station Port Wing 
[12:48:59]ADMIN: Linteir/(Jayce Young) spawned /obj/item/weapon/grenade/chem_grenade/antiweed at (132,64,5)
[12:49:06]ADMIN: Linteir/(Jayce Young) spawned /obj/item/weapon/grenade/chem_grenade/antiweed at (132,64,5)
[12:49:28]EMOTE: Jayce Young/Linteir : <B>Jayce Young</B> gasps for air!
[12:49:52]EMOTE: Jayce Young/Linteir : <B>Jayce Young</B> gasps for air!
[12:50:06]ADMIN: Linteir/(Jayce Young) spawned /obj/effect/alien/weeds/node at (139,66,5)
[12:50:11]EMOTE: Jayce Young/Linteir : <B>Jayce Young</B> gasps!
[12:50:21]ADMIN: Linteir/(Jayce Young) spawned /obj/effect/alien/weeds/node at (136,67,5)
[12:50:52]EMOTE: Jayce Young/Linteir : <B>Jayce Young</B> gasps!
[12:51:07]EMOTE: Coffee/ : <B>Coffee</B> clicks.
[12:51:16]EMOTE: Jayce Young/Linteir : <B>Jayce Young</B> coughs up blood!
[12:51:18]EMOTE: Ian/ : <B>Ian</B> woofs.
[12:51:21]EMOTE: Ian/ : <B>Ian</B> dances around
[12:51:35]GAME: <a href='?priv_msg=[0x5000000]'>Linteir</a>/(Jayce Young) used a grenade (weedkiller grenade).
[12:51:44]GAME: A chemical smoke reaction has taken place in (Mine | 139, 67)[ Plant-B-Gone ]. Last associated key is Linteir.
[12:52:04]GAME: <a href='?priv_msg=[0x5000000]'>Linteir</a>/(Jayce Young) used a grenade (weedkiller grenade).
[12:52:15]GAME: A chemical smoke reaction has taken place in (Mine | 136, 67)[ Plant-B-Gone ]. Last associated key is Linteir.
[12:52:26]EMOTE: Jayce Young/Linteir : <B>Jayce Young</B> gasps for air!
[12:52:29]ADMIN: Linteir/(Jayce Young) spawned /obj/item/weapon/grenade/chem_grenade/metalfoam at (133,67,5)
[12:52:31]ADMIN: Linteir/(Jayce Young) spawned /obj/item/weapon/grenade/chem_grenade/metalfoam at (133,67,5)
[12:52:34]ADMIN: Linteir/(Jayce Young) spawned /obj/item/weapon/grenade/chem_grenade/metalfoam at (133,67,5)
[12:52:35]ADMIN: Linteir/(Jayce Young) spawned /obj/item/weapon/grenade/chem_grenade/metalfoam at (133,67,5)
[12:52:37]ADMIN: Linteir/(Jayce Young) spawned /obj/item/weapon/grenade/chem_grenade/metalfoam at (133,67,5)
[12:52:39]ADMIN: Linteir/(Jayce Young) spawned /obj/item/weapon/grenade/chem_grenade/metalfoam at (133,67,5)
[12:53:14]EMOTE: Jayce Young/Linteir : <B>Jayce Young</B> coughs up blood!
[12:53:24]GAME: <a href='?priv_msg=[0x5000000]'>Linteir</a>/(Jayce Young) used a grenade (metal-foam grenade).
[12:54:08]EMOTE: Jayce Young/Linteir : <B>Jayce Young</B> gasps for air!
[12:54:10]GAME: <a href='?priv_msg=[0x5000000]'>Linteir</a>/(Jayce Young) used a grenade (metal-foam grenade).
[12:54:21]EMOTE: Jayce Young/Linteir : <B>Jayce Young</B> gasps!
[12:54:26]EMOTE: Ian/ : <B>Ian</B> chases their tail
[12:54:31]GAME: <a href='?priv_msg=[0x5000000]'>Linteir</a>/(Jayce Young) used a grenade (metal-foam grenade).
[12:54:33]EMOTE: Jayce Young/Linteir : <B>Jayce Young</B> gasps for air!
[12:54:35]GAME: <a href='?priv_msg=[0x5000000]'>Linteir</a>/(Jayce Young) used a grenade (metal-foam grenade).
[12:54:45]DEBUG: Next event of severity Mundane in 12.348 minutes.
[12:54:45]DEBUG: Starting event 'Vermin Infestation' of severity Mundane.
[12:54:50]EMOTE: Jayce Young/Linteir : <B>Jayce Young</B> gasps for air!
[12:55:09]EMOTE: Jayce Young/Linteir : <B>Jayce Young</B> coughs up blood!
[12:55:09]EMOTE: Jayce Young/Linteir : <B>Jayce Young</B> gasps for air!
[12:55:16]DEBUG: Event 'Vermin Infestation' has completed at 12:33.
[12:55:17]ADMIN: Linteir/(Jayce Young) jumped to 142,72,5 in Mining Station Port Wing
[12:55:26]ADMIN: Linteir/(Jayce Young) jumped to 144,75,5 in Mining Station Port Wing
[12:55:31]EMOTE: Jayce Young/Linteir : <B>Jayce Young</B> gasps!
[12:55:33]ADMIN: Linteir/(Jayce Young) jumped to 148,75,5 in Mining Station Port Wing
[12:55:37]GAME: <a href='?priv_msg=[0x5000000]'>Linteir</a>/(Jayce Young) used a grenade (metal-foam grenade).
[12:56:17]ADMIN: Linteir/(Jayce Young) jumped to 161,80,5 in Mine
[12:56:19]EMOTE: Jayce Young/Linteir : <B>Jayce Young</B> gasps!
[12:56:35]EMOTE: Jayce Young/Linteir : <B>Jayce Young</B> gasps for air!
[12:56:41]ADMIN: Linteir/(Jayce Young) jumped to 160,71,5 in the Mining Shuttle
[12:56:54]ADMIN: Linteir/(Jayce Young) jumped to 160,69,5 in the Mining Shuttle
[12:57:06]EMOTE: Jayce Young/Linteir : <B>Jayce Young</B> gasps for air!
[12:57:16]EMOTE: Jayce Young/Linteir : <B>Jayce Young</B> gasps for air!
[12:57:27]EMOTE: Jayce Young/Linteir : <B>Jayce Young</B> coughs up blood!
[12:58:07]EMOTE: Ian/ : <B>Ian</B> chases their tail
[12:58:11]EMOTE: Ian/ : <B>Ian</B> dances around
[12:58:23]EMOTE: Jayce Young/Linteir : <B>Jayce Young</B> gasps for air!
[12:58:26]GAME: <a href='?priv_msg=[0x5000000]'>Linteir</a>/(Jayce Young) used a grenade (metal-foam grenade).
[12:58:36]ADMIN: Linteir/(Jayce Young) jumped to 82,108,1 in the Mining Dock
[12:58:49]EMOTE: Jayce Young/Linteir : <B>Jayce Young</B> coughs up blood!
[12:59:14]ADMIN: Linteir/(Jayce Young) jumped to 87,110,1 in the Mining Dock
[12:59:52]EMOTE: Ian/ : <B>Ian</B> dances around
[13:00:14]ADMIN: Linteir/(Jayce Young) jumped to Mine
[13:00:24]EMOTE: Jayce Young/Linteir : <B>Jayce Young</B> gasps for air!
[13:00:45]EMOTE: Jayce Young/Linteir : <B>Jayce Young</B> coughs up blood!
[13:00:45]EMOTE: Jayce Young/Linteir : <B>Jayce Young</B> gasps for air!
[13:01:08]ADMIN: Linteir/(Jayce Young) spawned /obj/item/weapon/pickaxe/hammer at (103,106,5)
[13:01:27]EMOTE: Jayce Young/Linteir : <B>Jayce Young</B> gasps for air!
[13:01:39]EMOTE: Jayce Young/Linteir : <B>Jayce Young</B> gasps!
[13:02:03]EMOTE: Jayce Young/Linteir : <B>Jayce Young</B> gasps for air!
[13:02:07]EMOTE: Jayce Young/Linteir : <B>Jayce Young</B> gasps for air!
[13:02:28]SAY: grey baby slime (261)/ : Blop...
[13:02:35]EMOTE: Jayce Young/Linteir : <B>Jayce Young</B> gasps!
[13:02:55]EMOTE: Jayce Young/Linteir : <B>Jayce Young</B> gasps!
[13:02:59]ADMIN: Linteir/(Jayce Young) spawned /obj/item/weapon/pickaxe/jackhammer at (103,106,5)
[13:03:02]SAY: grey baby slime (298)/ : Blop...
[13:03:27]EMOTE: Ian/ : <B>Ian</B> dances around
[13:03:33]EMOTE: Jayce Young/Linteir : <B>Jayce Young</B> gasps for air!
[13:04:24]ADMIN: Linteir/(Jayce Young) spawned /obj/machinery/camera/emp_proof at (100,106,5)
[13:04:35]EMOTE: Jayce Young/Linteir : <B>Jayce Young</B> gasps for air!
[13:04:55]ADMIN: Linteir/(Jayce Young) spawned /obj/item/clothing/glasses/welding/superior at (100,106,5)
[13:05:19]EMOTE: Jayce Young/Linteir : <B>Jayce Young</B> gasps for air!
[13:05:34]ADMIN: Linteir/(Jayce Young) spawned /obj/item/weapon/weldingtool at (101,106,5)
[13:06:06]EMOTE: Jayce Young/Linteir : <B>Jayce Young</B> gasps!
[13:06:18]EMOTE: Experiment 68a/ : <B>Experiment 68a</B> clacks.
[13:06:44]DEBUG: Next event of severity Moderate in 53.11 minutes.
[13:06:44]DEBUG: Starting event 'Space vines' of severity Moderate.
[13:06:47]EMOTE: Ian/ : <B>Ian</B> dances around
[13:06:54]EMOTE: Jayce Young/Linteir : <B>Jayce Young</B> gasps!
[13:07:04]EMOTE: Ian/ : <B>Ian</B> dances around
[13:07:10]DEBUG: Event 'Space vines' has completed at 12:43.
[13:07:22]EMOTE: Jayce Young/Linteir : <B>Jayce Young</B> gasps!
[13:07:50]EMOTE: Jayce Young/Linteir : <B>Jayce Young</B> gasps!
[13:08:21]EMOTE: Jayce Young/Linteir : <B>Jayce Young</B> gasps for air!
[13:08:25]EMOTE: Ian/ : <B>Ian</B> dances around
[13:08:40]EMOTE: Jayce Young/Linteir : <B>Jayce Young</B> coughs up blood!
[13:08:49]EMOTE: Jayce Young/Linteir : <B>Jayce Young</B> coughs up blood!
[13:08:56]EMOTE: Jayce Young/Linteir : <B>Jayce Young</B> gasps!
[13:09:05]EMOTE: Runtime/ : <B>Runtime</B> mews.
[13:09:08]EMOTE: Runtime/ : <B>Runtime</B> shakes their head.
[13:09:27]EMOTE: Experiment 68a/ : <B>Experiment 68a</B> clacks.
[13:10:30]EMOTE: Jayce Young/Linteir : <B>Jayce Young</B> gasps for air!
[13:10:32]ADMIN: Linteir/(Jayce Young) spawned /obj/item/weapon/pickaxe/drill at (101,106,5)
[13:10:56]SAY: Experiment 97d/ : Eh?
[13:11:04]DEBUG: Next event of severity Mundane in 17.128 minutes.
[13:11:04]DEBUG: Starting event 'Trivial News' of severity Mundane.
[13:11:12]EMOTE: Jayce Young/Linteir : <B>Jayce Young</B> gasps for air!
[13:11:28]EMOTE: Coffee/ : <B>Coffee</B> clacks.
[13:11:30]DEBUG: Event 'Trivial News' has completed at 12:46.
[13:11:47]EMOTE: Jayce Young/Linteir : <B>Jayce Young</B> gasps!
[13:12:15]EMOTE: Experiment 68a/ : <B>Experiment 68a</B> clacks.
[13:12:33]SAY: Ian/ : AUUUUUU
[13:12:36]EMOTE: Jayce Young/Linteir : <B>Jayce Young</B> gasps for air!
[13:12:45]EMOTE: Jayce Young/Linteir : <B>Jayce Young</B> coughs up blood!
[13:13:35]EMOTE: Jayce Young/Linteir : <B>Jayce Young</B> gasps for air!
[13:14:31]EMOTE: Jayce Young/Linteir : <B>Jayce Young</B> coughs up blood!
[13:14:35]EMOTE: Jayce Young/Linteir : <B>Jayce Young</B> gasps!
[13:14:49]EMOTE: Jayce Young/Linteir : <B>Jayce Young</B> gasps for air!
[13:14:54]EMOTE: Jayce Young/Linteir : <B>Jayce Young</B> gasps!
[13:15:20]EMOTE: Ian/ : <B>Ian</B> dances around
[13:15:23]EMOTE: Jayce Young/Linteir : <B>Jayce Young</B> gasps!
[13:15:42]EMOTE: Jayce Young/Linteir : <B>Jayce Young</B> gasps for air!
[13:15:44]EMOTE: Experiment 68a/ : <B>Experiment 68a</B> clicks.
[13:15:59]EMOTE: Experiment 68a/ : <B>Experiment 68a</B> clicks.
[13:16:14]EMOTE: Experiment 68a/ : <B>Experiment 68a</B> clicks.
[13:17:25]EMOTE: Coffee/ : <B>Coffee</B> clicks.
[13:17:25]EMOTE: Jayce Young/Linteir : <B>Jayce Young</B> gasps!
[13:18:23]EMOTE: Jayce Young/Linteir : <B>Jayce Young</B> gasps!
[13:18:44]EMOTE: Experiment 97d/ : <B>Experiment 97d</B> glares around.
[13:19:19]EMOTE: Jayce Young/Linteir : <B>Jayce Young</B> gasps!
[13:19:53]ADMIN: Linteir/(Jayce Young) spawned /obj/item/weapon/pickaxe/diamonddrill at (98,106,5)
[13:20:07]EMOTE: Jayce Young/Linteir : <B>Jayce Young</B> gasps for air!
[13:20:11]EMOTE: crab/ : <B>The crab</B> clicks.
[13:20:20]ATTACK: Jayce Young (linteir) primed a flashbang (<A HREF='?_src_=holder;adminplayerobservecoodjump=1;X=94;Y=106;Z=5'>JMP</a>)
[13:20:28]EMOTE: Ian/ : <B>Ian</B> chases their tail
[13:20:39]ACCESS: Logout: Linteir/(Jayce Young)
[13:21:08]ACCESS: Login: Linteir/(Jayce Young) from 127.0.0.1-3070425652 || BYOND v506
[13:21:35]SAY: Ian/ : AUUUUUU
[13:21:42]SAY: grey baby slime (261)/ : Rawr...
[13:21:59]EMOTE: Jayce Young/Linteir : <B>Jayce Young</B> gasps for air!
[13:22:25]ADMIN: Linteir/(Jayce Young) healed / revived Linteir/(Jayce Young)
[13:23:55]SAY: Runtime/ : Esp!
[13:24:05]SAY: Ian/ : YAP
[13:24:23]EMOTE: Experiment 68a/ : <B>Experiment 68a</B> clicks.
[13:24:48]ADMIN: Linteir/(Jayce Young) jumped to 96,114,5 in Mine
[13:24:52]ACCESS: Logout: *no key*/(Jayce Young)
[13:24:52]ACCESS: Login: Linteir/(Jayce Young) from 127.0.0.1-3070425652 || BYOND v506
[13:25:25]EMOTE: Jayce Young/@Linteir : <B>Jayce Young</B> coughs up blood!
[13:25:55]EMOTE: Jayce Young/@Linteir : <B>Jayce Young</B> gasps for air!
[13:25:57]EMOTE: Jayce Young/@Linteir : <B>Jayce Young</B> gasps for air!
[13:25:59]EMOTE: Ian/ : <B>Ian</B> chases their tail
[13:26:04]EMOTE: Jayce Young/@Linteir : <B>Jayce Young</B> gasps for air!
[13:26:22]EMOTE: Jayce Young/@Linteir : <B>Jayce Young</B> gasps for air!
[13:27:44]EMOTE: Jayce Young/@Linteir : <B>Jayce Young</B> coughs up blood!
[13:28:05]EMOTE: Coffee/ : <B>Coffee</B> clicks.
[13:28:05]EMOTE: Jayce Young/@Linteir : <B>Jayce Young</B> gasps!
[13:29:05]EMOTE: Jayce Young/@Linteir : <B>Jayce Young</B> coughs up blood!
[13:29:42]EMOTE: Runtime/ : <B>Runtime</B> shivers.
[13:29:44]EMOTE: crab/ : <B>The crab</B> clicks.
[13:29:51]EMOTE: Jayce Young/@Linteir : <B>Jayce Young</B> gasps for air!
[13:30:37]EMOTE: Jayce Young/@Linteir : <B>Jayce Young</B> gasps for air!
[13:30:43]EMOTE: Jayce Young/@Linteir : <B>Jayce Young</B> coughs up blood!
[13:30:49]EMOTE: crab/ : <B>The crab</B> clacks.
[13:30:51]EMOTE: Jayce Young/@Linteir : <B>Jayce Young</B> gasps!
[13:30:56]SAY: Experiment 97d/ : Eh?
[13:31:10]EMOTE: Jayce Young/@Linteir : <B>Jayce Young</B> gasps!
[13:31:47]EMOTE: Jayce Young/@Linteir : <B>Jayce Young</B> gasps!
[13:32:05]EMOTE: Jayce Young/@Linteir : <B>Jayce Young</B> gasps for air!
[13:33:13]EMOTE: Jayce Young/@Linteir : <B>Jayce Young</B> coughs up blood!
[13:33:16]EMOTE: Jayce Young/@Linteir : <B>Jayce Young</B> coughs up blood!
[13:33:32]EMOTE: Ian/ : <B>Ian</B> dances around
[13:33:47]DEBUG: Next event of severity Mundane in 13.674 minutes.
[13:33:47]DEBUG: Starting event 'PDA Spam' of severity Mundane.
[13:34:24]EMOTE: Jayce Young/@Linteir : <B>Jayce Young</B> coughs up blood!
[13:34:24]EMOTE: Jayce Young/@Linteir : <B>Jayce Young</B> gasps for air!
[13:34:47]ADMIN: Linteir/(Jayce Young) teleported @Linteir/(Jayce Young)
[13:34:50]ACCESS: Logout: *no key*/(Jayce Young)
[13:34:50]ACCESS: Login: Linteir/(Jayce Young) from 127.0.0.1-3070425652 || BYOND v506
[13:35:14]EMOTE: Jayce Young/Linteir : <B>Jayce Young</B> gasps for air!
[13:35:26]EMOTE: Jayce Young/Linteir : <B>Jayce Young</B> gasps for air!
[13:35:53]EMOTE: Ian/ : <B>Ian</B> chases their tail
[13:36:10]EMOTE: Jayce Young/Linteir : <B>Jayce Young</B> gasps for air!
[13:36:33]EMOTE: Jayce Young/Linteir : <B>Jayce Young</B> gasps for air!
[13:36:42]EMOTE: Jayce Young/Linteir : <B>Jayce Young</B> gasps for air!
[13:37:20]SAY: grey baby slime (298)/ : Hungry...
[13:37:30]EMOTE: Jayce Young/Linteir : <B>Jayce Young</B> gasps!
[13:38:03]EMOTE: Coffee/ : <B>Coffee</B> clicks.
[13:38:16]EMOTE: Jayce Young/Linteir : <B>Jayce Young</B> gasps!
[13:39:24]EMOTE: Ian/ : <B>Ian</B> dances around
[13:39:25]ADMIN: Linteir/(Jayce Young) healed / revived Linteir/(Jayce Young)
[13:40:04]ATTACK: Linteir/(Jayce Young) attacked Linteir/(Jayce Young) with bible (INTENT: HURT) (DAMTYE: BRUTE)
[13:40:12]ATTACK: Linteir/(Jayce Young) attacked Linteir/(Jayce Young) with bible (INTENT: HELP) (DAMTYE: BRUTE)
[13:40:13]ATTACK: Linteir/(Jayce Young) attacked Linteir/(Jayce Young) with bible (INTENT: HELP) (DAMTYE: BRUTE)
[13:40:15]ATTACK: Linteir/(Jayce Young) attacked Linteir/(Jayce Young) with bible (INTENT: HELP) (DAMTYE: BRUTE)
[13:40:17]ATTACK: Linteir/(Jayce Young) attacked Linteir/(Jayce Young) with bible (INTENT: HELP) (DAMTYE: BRUTE)
[13:41:02]EMOTE: Experiment 68a/ : <B>Experiment 68a</B> clicks.
[13:41:46]EMOTE: Coffee/ : <B>Coffee</B> clacks.
[13:42:20]ATTACK: Linteir/(Jayce Young) attacked Linteir/(Jayce Young) with crowbar (INTENT: HELP) (DAMTYE: BRUTE)
[13:42:30]ATTACK: Linteir/(Jayce Young) attacked Linteir/(Jayce Young) with welding tool (INTENT: HELP) (DAMTYE: FIRE)
[13:42:51]SAY: Runtime/ : Esp!
[13:43:49]EMOTE: crab/ : <B>The crab</B> clicks.
[13:44:55]SAY: grey baby slime (298)/ : Blop...
[13:45:53]EMOTE: Ian/ : <B>Ian</B> yaps.
[13:46:13]ADMIN: Linteir/(Jayce Young) spawned /turf/simulated/wall at (25,22,2)
[13:46:38]EMOTE: Coffee/ : <B>Coffee</B> clicks.
[13:47:21]EMOTE: Coffee/ : <B>Coffee</B> clicks.
[13:47:25]EMOTE: Ian/ : <B>Ian</B> chases their tail
[13:47:57]SAY: Ian/ : Woof!
[13:48:21]SAY: grey baby slime (261)/ : Where is the food?
[13:48:45]EMOTE: Runtime/ : <B>Runtime</B> shakes their head.
[13:49:21]EMOTE: Ian/ : <B>Ian</B> chases their tail
[13:49:32]ADMIN: Linteir/(Jayce Young) has toggled Linteir/(Jayce Young)'s nodamage to Off
[13:50:35]EMOTE: Runtime/ : <B>Runtime</B> meows.
[13:50:48]EMOTE: Runtime/ : <B>Runtime</B> mews.
[13:51:49]DEBUG: Next event of severity Mundane in 17.522 minutes.
[13:51:49]DEBUG: Starting event 'Mundane News' of severity Mundane.
[13:52:14]DEBUG: Event 'Mundane News' has completed at 13:17.
[13:52:42]EMOTE: Ian/ : <B>Ian</B> chases their tail
[13:53:22]EMOTE: Runtime/ : <B>Runtime</B> shakes their head.
[13:53:58]EMOTE: Coffee/ : <B>Coffee</B> clicks.
[13:54:40]SAY: Ian/ : Bark!
[13:55:06]ADMIN: Linteir/(Jayce Young) healed / revived Linteir/(Jayce Young)
[13:56:58]EMOTE: Ian/ : <B>Ian</B> dances around
[13:57:07]SAY: grey baby slime (298)/ : Blorble...
[13:57:12]SAY: Runtime/ : Esp!
[13:57:43]DEBUG: Next event of severity Major in 61.598 minutes.
[13:57:43]DEBUG: Starting event 'Nothing' of severity Major.
[13:57:45]DEBUG: Event 'Nothing' has completed at 13:21.
[13:58:16]EMOTE: Experiment 68a/ : <B>Experiment 68a</B> clicks.
[13:58:34]EMOTE: Runtime/ : <B>Runtime</B> meows.
[13:58:34]EMOTE: Coffee/ : <B>Coffee</B> clicks.
[13:58:50]SAY: grey baby slime (261)/ : Blorble...
[13:59:01]EMOTE: Coffee/ : <B>Coffee</B> clicks.
[13:59:06]EMOTE: Experiment 68a/ : <B>Experiment 68a</B> clacks.
[13:59:11]EMOTE: crab/ : <B>The crab</B> clacks.
[14:00:42]EMOTE: Experiment 97d/ : <B>Experiment 97d</B> brays.
[14:00:45]EMOTE: Ian/ : <B>Ian</B> pants.
[14:00:55]ADMIN: Linteir/(Jayce Young) jumped to the AI Chamber
[14:01:00]ATTACK: UNKNOWN shot Jayce Young (linteir) with a stun beam (<A HREF='?_src_=holder;adminplayerobservecoodjump=1;X=111;Y=126;Z=1'>JMP</a>)
[14:01:02]ATTACK: UNKNOWN shot Jayce Young (linteir) with a stun beam (<A HREF='?_src_=holder;adminplayerobservecoodjump=1;X=111;Y=126;Z=1'>JMP</a>)
[14:01:02]EMOTE: Jayce Young/Linteir : <B>Jayce Young</B> screams!
[14:01:04]ATTACK: UNKNOWN shot Jayce Young (linteir) with a stun beam (<A HREF='?_src_=holder;adminplayerobservecoodjump=1;X=111;Y=126;Z=1'>JMP</a>)
[14:01:07]ATTACK: UNKNOWN shot Jayce Young (linteir) with a stun beam (<A HREF='?_src_=holder;adminplayerobservecoodjump=1;X=111;Y=126;Z=1'>JMP</a>)
[14:01:19]ADMIN: Linteir/(Jayce Young) healed / revived Linteir/(Jayce Young)
[14:01:23]ATTACK: UNKNOWN shot Jayce Young (linteir) with a stun beam (<A HREF='?_src_=holder;adminplayerobservecoodjump=1;X=111;Y=126;Z=1'>JMP</a>)
[14:01:24]ADMIN: Linteir/(Jayce Young) jumped to 112,124,1 in the AI Chamber
[14:01:24]EMOTE: Experiment 68a/ : <B>Experiment 68a</B> clacks.
[14:01:29]SAY: Runtime/ : Purr!
[14:01:30]ADMIN: Linteir/(Jayce Young) jumped to 113,123,1 in the AI Upload Chamber
[14:01:37]ADMIN: Linteir/(Jayce Young) healed / revived Linteir/(Jayce Young)
[14:02:07]EMOTE: Jayce Young/Linteir : <B>Jayce Young</B> is having trouble keeping their eyes open.
[14:02:12]SAY: Runtime/ : Purr!
[14:02:14]ADMIN: Linteir/(Jayce Young) healed / revived Linteir/(Jayce Young)
[14:02:32]EMOTE: crab/ : <B>The crab</B> clacks.
[14:02:34]EMOTE: Coffee/ : <B>Coffee</B> clicks.
[14:02:47]ADMIN: Linteir/(Jayce Young) jumped to 113,117,1 in the AI Upload Chamber
[14:03:22]SAY: grey baby slime (298)/ : Blorble...
[14:03:52]EMOTE: Ian/ : <B>Ian</B> yaps.
[14:03:55]ADMIN: Linteir/(Jayce Young) made all areas powered
[14:03:55]ADMIN: Linteir/(Jayce Young) used secret power
[14:04:29]ADMIN: Linteir/(Jayce Young) made all SMESs powered
[14:04:29]ADMIN: Linteir/(Jayce Young) used secret quickpower
[14:05:03]EMOTE: Experiment 68a/ : <B>Experiment 68a</B> clacks.
[14:05:28]ADMIN: <a href='?priv_msg=[0x5000000]'>Linteir</a>/(Jayce Young) has renamed the silicon '' to 'Bun-Bun'
[14:05:48]ADMIN: Linteir/(Jayce Young) teleported *no key*/(Pun Pun)
[14:05:53]SAY: grey baby slime (261)/ : I want to eat...
[14:06:40]ADMIN: <a href='?priv_msg=[0x5000000]'>Linteir</a>/(Jayce Young) has stopped the Mundane event 'PDA Spam'.
[14:06:40]DEBUG: Event 'PDA Spam' has completed at 13:27.
[14:07:03]ADMIN: <a href='?priv_msg=[0x5000000]'>Linteir</a>/(Jayce Young) has enabled the round end event report.
[14:07:09]SAY: Runtime/ : Esp!
[14:07:26]ADMIN: Linteir/(Jayce Young) admin-called the emergency shuttle.
[14:07:44]SAY: grey baby slime (261)/ : Rawr...
[14:07:57]ADMIN: Linteir/(Jayce Young) changed their view range to 14.
[14:08:22]EMOTE: Coffee/ : <B>Coffee</B> clicks.
[14:08:36]EMOTE: crab/ : <B>The crab</B> clicks.
[14:09:43]ADMIN: Linteir/(Jayce Young) changed their view range to 7.
[14:10:27]EMOTE: Experiment 68a/ : <B>Experiment 68a</B> clicks.
[14:11:24]EMOTE: Experiment 68a/ : <B>Experiment 68a</B> clicks.
[14:11:35]EMOTE: Experiment 97d/ : <B>Experiment 97d</B> shakes its head.
[14:11:40]SAY: grey baby slime (298)/ : Hungry...
[14:12:11]EMOTE: Runtime/ : <B>Runtime</B> meows.
[14:12:49]SAY: Experiment 97d/ : EHEHEHEHEH
[14:13:10]EMOTE: Ian/ : <B>Ian</B> dances around
[14:13:12]SAY: Runtime/ : Meow!
[14:14:05]SAY: grey baby slime (261)/ : I want to eat...
[14:14:23]EMOTE: Ian/ : <B>Ian</B> chases their tail
[14:15:07]DEBUG: Next event of severity Mundane in 14.234 minutes.
[14:15:07]DEBUG: Starting event 'Nothing' of severity Mundane.
[14:15:09]DEBUG: Event 'Nothing' has completed at 13:34.
[14:15:21]SAY: grey baby slime (261)/ : Where is the food?
[14:15:24]SAY: Ian/ : Woof!
[14:16:39]SAY: Ian/ : AUUUUUU
[14:16:53]EMOTE: Experiment 68a/ : <B>Experiment 68a</B> clacks.
[14:17:02]DEBUG: Next event of severity Moderate in 42.29 minutes.
[14:17:02]DEBUG: Starting event 'Nothing' of severity Moderate.
[14:17:05]DEBUG: Event 'Nothing' has completed at 13:35.
[14:17:14]EMOTE: Experiment 68a/ : <B>Experiment 68a</B> clacks.
[14:19:09]EMOTE: Experiment 68a/ : <B>Experiment 68a</B> clacks.
[14:19:23]EMOTE: Experiment 68a/ : <B>Experiment 68a</B> clacks.
[14:20:06]EMOTE: Runtime/ : <B>Runtime</B> shivers.
[14:20:41]EMOTE: crab/ : <B>The crab</B> clicks.
[14:20:48]EMOTE: Ian/ : <B>Ian</B> barks.
[14:21:35]EMOTE: crab/ : <B>The crab</B> clicks.
[14:22:27]EMOTE: Coffee/ : <B>Coffee</B> clacks.
[14:24:58]SAY: grey baby slime (261)/ : Very... hungry...
[14:26:18]SAY: grey baby slime (261)/ : Lonely...
[14:26:20]SAY: grey baby slime (298)/ : Blorble...
[14:26:22]SAY: grey baby slime (298)/ : Blorble...
[14:26:25]EMOTE: Experiment 68a/ : <B>Experiment 68a</B> clacks.
[14:27:35]SAY: grey baby slime (298)/ : Very... hungry...
[14:27:40]EMOTE: Coffee/ : <B>Coffee</B> clacks.
[14:27:49]GAME: Antagonists at round end were...
[14:29:14]ACCESS: Logout: Linteir/(Jayce Young)


Starting up. 14:30.48
---------------------
[14:30:50]ADMIN: Loading jobban_rank
[14:30:50]ADMIN: jobban_keylist was empty
[14:30:50]ADMIN: Loading Banlist
[14:30:55]DEBUG: Rebuilding Master Controller
[14:31:50]ACCESS: Login: Linteir/(Linteir) from 127.0.0.1-3070425652 || BYOND v506
[14:33:31]VOTE: Gamemode vote started by the server.
[14:33:31]DEBUG: The server has called a gamemode vote
[14:34:31]VOTE: <b>Vote Result: Inconclusive - No Votes!</b>
[14:36:18]DEBUG: Next event of severity Mundane in 14.38 minutes.
[14:36:18]DEBUG: Next event of severity Moderate in 38.786 minutes.
[14:36:18]DEBUG: Next event of severity Major in 85.6317 minutes.
[14:36:32]ACCESS: Logout: Linteir/(Linteir)


Starting up. 20:16.58
---------------------
[20:17:02]ADMIN: Loading jobban_rank
[20:17:02]ADMIN: jobban_keylist was empty
[20:17:02]ADMIN: Loading Banlist
[20:17:06]DEBUG: Rebuilding Master Controller
[20:23:25]ACCESS: Login: Linteir/(Linteir) from 127.0.0.1-3070425652 || BYOND v506
[20:23:55]ADMIN: Linteir has started the game.
[20:24:03]DEBUG: Next event of severity Mundane in 16.014 minutes.
[20:24:03]DEBUG: Next event of severity Moderate in 53.438 minutes.
[20:24:03]DEBUG: Next event of severity Major in 81.3633 minutes.
[20:24:14]ADMIN: Linteir/(Linteir) has turned aliens off.
[20:24:15]ADMIN: Linteir/(Linteir) has turned aliens on.
[20:24:20]SAY: grey baby slime (274)/ : Rawr...
[20:24:42]ACCESS: Logout: *no key*/(Linteir)
[20:24:42]ACCESS: Login: Linteir/(Jaxon McShain) from 127.0.0.1-3070425652 || BYOND v506
[20:25:45]SAY: mouse (380)/ : Squeek?
[20:25:50]EMOTE: mouse (380)/ : <B>The mouse (380)</B> squeeks.
[20:26:38]ADMIN: Linteir/(Jaxon McShain) spawned /obj/item/weapon/pickaxe at (55,138,1)
[20:26:59]EMOTE: Experiment 97d/ : <B>Experiment 97d</B> brays.
[20:27:20]EMOTE: crab/ : <B>The crab</B> clicks.
[20:27:27]SAY: Runtime/ : HSSSSS
[20:27:29]EMOTE: Coffee/ : <B>Coffee</B> clicks.
[20:28:40]ADMIN: Linteir/(Jaxon McShain) modified sledgehammer's item_state to pickaxe
[20:29:05]SAY: Runtime/ : Purr!
[20:30:29]SAY: mouse (911)/ : Squeek?
[20:30:48]EMOTE: Experiment 68a/ : <B>Experiment 68a</B> clacks.
[20:30:52]EMOTE: Ian/ : <B>Ian</B> dances around
[20:30:52]EMOTE: Experiment 68a/ : <B>Experiment 68a</B> clacks.
[20:31:07]EMOTE: Experiment 97d/ : <B>Experiment 97d</B> stamps a foot.
[20:31:09]EMOTE: Experiment 97d/ : <B>Experiment 97d</B> brays.
[20:31:18]SAY: mouse (439)/ : SQUEEK!
[20:31:18]EMOTE: Coffee/ : <B>Coffee</B> clacks.
[20:31:37]EMOTE: Ian/ : <B>Ian</B> dances around
[20:31:55]EMOTE: Ian/ : <B>Ian</B> shakes its head.
[20:31:58]EMOTE: Coffee/ : <B>Coffee</B> clicks.
[20:32:07]EMOTE: crab/ : <B>The crab</B> clicks.
[20:33:54]EMOTE: Ian/ : <B>Ian</B> dances around
[20:34:03]SAY: Ian/ : Bark!
[20:34:19]ACCESS: Logout: Linteir/(Jaxon McShain)


Starting up. 20:35.31
---------------------
[20:35:33]ADMIN: Loading jobban_rank
[20:35:33]ADMIN: jobban_keylist was empty
[20:35:33]ADMIN: Loading Banlist
[20:35:38]DEBUG: Rebuilding Master Controller
[20:37:31]ACCESS: Login: Linteir/(Linteir) from 127.0.0.1-3070425652 || BYOND v506
[20:39:33]VOTE: Gamemode vote started by the server.
[20:39:33]DEBUG: The server has called a gamemode vote
[20:40:13]ADMIN: Linteir has started the game.
[20:40:14]ACCESS: Logout: *no key*/(Linteir)
[20:40:14]ACCESS: Login: Linteir/(Anderson Kifer) from 127.0.0.1-3070425652 || BYOND v506
[20:40:15]ACCESS: Logout: *no key*/(Anderson Kifer)
[20:40:15]ACCESS: Login: Linteir/(Default Cyborg-499) from 127.0.0.1-3070425652 || BYOND v506
[20:40:22]DEBUG: Next event of severity Mundane in 15.894 minutes.
[20:40:22]DEBUG: Next event of severity Moderate in 43.93 minutes.
[20:40:22]DEBUG: Next event of severity Major in 80.69 minutes.
[20:40:27]ACCESS: Logout: *no key*/(Default Cyborg-499)
[20:40:27]ACCESS: Login: Linteir/(Anderson Kifer) from 127.0.0.1-3070425652 || BYOND v506
[20:41:25]ADMIN: Linteir/(Anderson Kifer) spawned /mob/living/carbon/human at (113,142,1)
[20:41:31]ADMIN: Linteir/(Anderson Kifer) launched cinematic "explosion"
[20:41:40]ADMIN: Linteir/(Anderson Kifer) assumed direct control of the unknown.
[20:41:40]ACCESS: Logout: *no key*/(Anderson Kifer)
[20:41:40]ACCESS: Login: linteir/(unknown) from 127.0.0.1-3070425652 || BYOND v506
[20:41:46]EMOTE: crab/ : <B>The crab</B> clicks.
[20:42:50]EMOTE: Experiment 68a/ : <B>Experiment 68a</B> clicks.
[20:42:56]ADMIN: linteir/(unknown) changed their view range to 14.
[20:43:03]ACCESS: Logout: *no key*/(unknown)
[20:43:03]ACCESS: Login: linteir/(unknown) from 127.0.0.1-3070425652 || BYOND v506
[20:43:52]EMOTE: Experiment 97d/ : <B>Experiment 97d</B> stamps a foot.
[20:44:04]ADMIN: <a href='?priv_msg=[0x5000000]'>linteir</a>/(unknown) is changing the Icarus position.
[20:44:15]ADMIN: <a href='?priv_msg=[0x5000000]'>linteir</a>/(unknown) has fired the Icarus main gun projectile at 123-72-1
[20:44:30]EMOTE: crab/ : <B>The crab</B> clacks.
[20:44:43]ADMIN: linteir/(unknown) changed their view range to 7.
[20:44:50]ADMIN: <a href='?priv_msg=[0x5000000]'>linteir</a>/(unknown) has fired the Icarus main gun projectile at 121-62-1
[20:45:26]ADMIN: linteir/(unknown) changed their view range to 14.
[20:45:34]EMOTE: Experiment 68a/ : <B>Experiment 68a</B> clacks.
[20:45:42]ADMIN: <a href='?priv_msg=[0x5000000]'>linteir</a>/(unknown) has fired the Icarus main gun projectile at 113-66-1
[20:45:57]ADMIN: <a href='?priv_msg=[0x5000000]'>linteir</a>/(unknown) has fired the Icarus main gun projectile at 113-66-1
[20:46:27]ADMIN: <a href='?priv_msg=[0x5000000]'>linteir</a>/(unknown) has fired the Icarus main gun projectile at 134-78-1
[20:46:50]EMOTE: Experiment 68a/ : <B>Experiment 68a</B> clacks.
[20:46:51]ADMIN: <a href='?priv_msg=[0x5000000]'>linteir</a>/(unknown) has fired the Icarus main gun projectile at 128-87-1
[20:47:06]ADMIN: <a href='?priv_msg=[0x5000000]'>linteir</a>/(unknown) is changing the Icarus position.
[20:47:54]ADMIN: <a href='?priv_msg=[0x5000000]'>linteir</a>/(unknown) has fired the Icarus main gun projectile at 107-185-1
[20:48:07]ADMIN: <a href='?priv_msg=[0x5000000]'>linteir</a>/(unknown) has fired the Icarus main gun projectile at 107-185-1
[20:48:09]ADMIN: <a href='?priv_msg=[0x5000000]'>linteir</a>/(unknown) has fired the Icarus main gun projectile at 107-185-1
[20:48:24]ADMIN: <a href='?priv_msg=[0x5000000]'>linteir</a>/(unknown) has fired the Icarus main gun projectile at 107-185-1
[20:48:42]ADMIN: linteir/(unknown) told everyone to man up and deal with it.
[20:48:48]ADMIN: <a href='?priv_msg=[0x5000000]'>linteir</a>/(unknown) has fired the Icarus point defense laser at 107-185-1
[20:49:18]ADMIN: <a href='?priv_msg=[0x5000000]'>linteir</a>/(unknown) is changing the Icarus position.
[20:49:34]ADMIN: <a href='?priv_msg=[0x5000000]'>linteir</a>/(unknown) has fired the Icarus point defense laser at 120-190-1
[20:49:40]ADMIN: <a href='?priv_msg=[0x5000000]'>linteir</a>/(unknown) has fired the Icarus point defense laser at 120-190-1
[20:49:43]ADMIN: <a href='?priv_msg=[0x5000000]'>linteir</a>/(unknown) has fired the Icarus point defense laser at 120-190-1
[20:49:46]ADMIN: <a href='?priv_msg=[0x5000000]'>linteir</a>/(unknown) has fired the Icarus point defense laser at 121-190-1
[20:49:54]ADMIN: <a href='?priv_msg=[0x5000000]'>linteir</a>/(unknown) has fired the Icarus point defense laser at 121-181-1
[20:49:56]ADMIN: <a href='?priv_msg=[0x5000000]'>linteir</a>/(unknown) has fired the Icarus point defense laser at 121-181-1
[20:49:59]ADMIN: <a href='?priv_msg=[0x5000000]'>linteir</a>/(unknown) has fired the Icarus point defense laser at 121-188-1
[20:50:01]ADMIN: <a href='?priv_msg=[0x5000000]'>linteir</a>/(unknown) has fired the Icarus point defense laser at 121-194-1
[20:50:09]ADMIN: <a href='?priv_msg=[0x5000000]'>linteir</a>/(unknown) has fired the Icarus point defense laser at 123-175-1
[20:50:12]ADMIN: <a href='?priv_msg=[0x5000000]'>linteir</a>/(unknown) has fired the Icarus point defense laser at 123-175-1
[20:50:13]ADMIN: <a href='?priv_msg=[0x5000000]'>linteir</a>/(unknown) has fired the Icarus point defense laser at 123-175-1
[20:50:17]ADMIN: <a href='?priv_msg=[0x5000000]'>linteir</a>/(unknown) has fired the Icarus point defense laser at 123-173-1
[20:50:19]ADMIN: <a href='?priv_msg=[0x5000000]'>linteir</a>/(unknown) has fired the Icarus point defense laser at 123-173-1
[20:50:30]ADMIN: <a href='?priv_msg=[0x5000000]'>linteir</a>/(unknown) has fired the Icarus point defense laser at 125-181-1
[20:50:33]ADMIN: <a href='?priv_msg=[0x5000000]'>linteir</a>/(unknown) has fired the Icarus point defense laser at 125-181-1
[20:50:35]ADMIN: <a href='?priv_msg=[0x5000000]'>linteir</a>/(unknown) has fired the Icarus point defense laser at 125-181-1
[20:50:39]ADMIN: <a href='?priv_msg=[0x5000000]'>linteir</a>/(unknown) has fired the Icarus point defense laser at 125-174-1
[20:50:42]ADMIN: <a href='?priv_msg=[0x5000000]'>linteir</a>/(unknown) has fired the Icarus point defense laser at 126-176-1
[20:50:42]ADMIN: <a href='?priv_msg=[0x5000000]'>linteir</a>/(unknown) has fired the Icarus point defense laser at 126-176-1
[20:50:44]ADMIN: <a href='?priv_msg=[0x5000000]'>linteir</a>/(unknown) has fired the Icarus point defense laser at 126-176-1
[20:50:45]ADMIN: <a href='?priv_msg=[0x5000000]'>linteir</a>/(unknown) has fired the Icarus point defense laser at 126-176-1
[20:50:47]ADMIN: <a href='?priv_msg=[0x5000000]'>linteir</a>/(unknown) has fired the Icarus point defense laser at 126-171-1
[20:50:49]ADMIN: <a href='?priv_msg=[0x5000000]'>linteir</a>/(unknown) has fired the Icarus point defense laser at 128-171-1
[20:50:51]ADMIN: <a href='?priv_msg=[0x5000000]'>linteir</a>/(unknown) has fired the Icarus point defense laser at 128-179-1
[20:50:53]ADMIN: <a href='?priv_msg=[0x5000000]'>linteir</a>/(unknown) has fired the Icarus point defense laser at 128-179-1
[20:50:54]ADMIN: <a href='?priv_msg=[0x5000000]'>linteir</a>/(unknown) has fired the Icarus point defense laser at 128-179-1
[20:50:56]ADMIN: <a href='?priv_msg=[0x5000000]'>linteir</a>/(unknown) has fired the Icarus point defense laser at 128-179-1
[20:50:58]ADMIN: <a href='?priv_msg=[0x5000000]'>linteir</a>/(unknown) has fired the Icarus point defense laser at 128-179-1
[20:51:00]ADMIN: <a href='?priv_msg=[0x5000000]'>linteir</a>/(unknown) has fired the Icarus point defense laser at 128-179-1
[20:51:01]ADMIN: <a href='?priv_msg=[0x5000000]'>linteir</a>/(unknown) has fired the Icarus point defense laser at 128-179-1
[20:51:02]SAY: Experiment 97d/ : Eh?
[20:51:03]ADMIN: <a href='?priv_msg=[0x5000000]'>linteir</a>/(unknown) has fired the Icarus point defense laser at 128-177-1
[20:51:05]ADMIN: <a href='?priv_msg=[0x5000000]'>linteir</a>/(unknown) has fired the Icarus point defense laser at 128-177-1
[20:51:06]ADMIN: <a href='?priv_msg=[0x5000000]'>linteir</a>/(unknown) has fired the Icarus point defense laser at 128-177-1
[20:51:11]ADMIN: <a href='?priv_msg=[0x5000000]'>linteir</a>/(unknown) has fired the Icarus point defense laser at 128-174-1
[20:51:13]ADMIN: <a href='?priv_msg=[0x5000000]'>linteir</a>/(unknown) has fired the Icarus point defense laser at 128-172-1
[20:51:15]ADMIN: <a href='?priv_msg=[0x5000000]'>linteir</a>/(unknown) has fired the Icarus point defense laser at 128-172-1
[20:51:17]ADMIN: <a href='?priv_msg=[0x5000000]'>linteir</a>/(unknown) has fired the Icarus point defense laser at 128-172-1
[20:51:17]ADMIN: <a href='?priv_msg=[0x5000000]'>linteir</a>/(unknown) has fired the Icarus point defense laser at 128-172-1
[20:51:21]ADMIN: <a href='?priv_msg=[0x5000000]'>linteir</a>/(unknown) has fired the Icarus point defense laser at 128-172-1
[20:51:23]ADMIN: <a href='?priv_msg=[0x5000000]'>linteir</a>/(unknown) has fired the Icarus point defense laser at 128-174-1
[20:51:26]ADMIN: <a href='?priv_msg=[0x5000000]'>linteir</a>/(unknown) has fired the Icarus point defense laser at 128-174-1
[20:51:29]ADMIN: <a href='?priv_msg=[0x5000000]'>linteir</a>/(unknown) has fired the Icarus point defense laser at 128-174-1
[20:51:31]ADMIN: <a href='?priv_msg=[0x5000000]'>linteir</a>/(unknown) has fired the Icarus point defense laser at 128-174-1
[20:52:39]ADMIN: Linteir/(unknown) launched cinematic "explosion"
[20:52:42]ACCESS: Logout: *no key*/(unknown)
[20:52:42]ACCESS: Login: linteir/(unknown) from 127.0.0.1-3070425652 || BYOND v506
[20:52:47]ADMIN: linteir/(unknown) changed their view range to 7.
[20:53:44]EMOTE: Experiment 97d/ : <B>Experiment 97d</B> glares around.
[20:54:15]ADMIN: linteir/(unknown) spawned /obj/item/seeds/replicapod at (129,128,1)
[20:54:52]ADMIN: linteir/(unknown) spawned /obj/item/seeds/tomatoseed at (129,128,1)
[21:00:04]EMOTE: Experiment 97d/ : <B>Experiment 97d</B> shakes its head.
[21:00:41]EMOTE: Experiment 97d/ : <B>Experiment 97d</B> glares around.
[21:00:55]EMOTE: crab/ : <B>The crab</B> clicks.
[21:01:20]DEBUG: Next event of severity Mundane in 17.632 minutes.
[21:01:20]DEBUG: Starting event 'Mundane News' of severity Mundane.
[21:01:49]DEBUG: Event 'Mundane News' has completed at 12:18.
[21:01:54]EMOTE: Experiment 97d/ : <B>Experiment 97d</B> shakes its head.
[21:03:36]EMOTE: crab/ : <B>The crab</B> clicks.
[21:03:49]EMOTE: Coffee/ : <B>Coffee</B> clicks.
[21:04:23]ADMIN: linteir/(unknown) spawned /obj/item/weapon/pickaxe at (141,124,1)
[21:07:25]EMOTE: Experiment 97d/ : <B>Experiment 97d</B> glares around.
[21:08:50]EMOTE: Experiment 97d/ : <B>Experiment 97d</B> stamps a foot.
[21:09:57]ACCESS: Logout: linteir/(unknown)


Starting up. 21:14.00
---------------------
[21:14:03]ADMIN: Loading jobban_rank
[21:14:03]ADMIN: jobban_keylist was empty
[21:14:03]ADMIN: Loading Banlist
[21:14:07]DEBUG: Rebuilding Master Controller
[21:14:54]ACCESS: Login: Linteir/(Linteir) from 127.0.0.1-3070425652 || BYOND v506
[21:17:00]VOTE: Gamemode vote started by the server.
[21:17:00]DEBUG: The server has called a gamemode vote
[21:17:16]ADMIN: Linteir has started the game.
[21:17:17]ACCESS: Logout: *no key*/(Linteir)
[21:17:17]ACCESS: Login: Linteir/(Nolan Morris) from 127.0.0.1-3070425652 || BYOND v506
[21:17:25]DEBUG: Next event of severity Mundane in 12.492 minutes.
[21:17:25]DEBUG: Next event of severity Moderate in 48.086 minutes.
[21:17:25]DEBUG: Next event of severity Major in 91.16 minutes.
[21:17:53]EMOTE: crab/ : <B>The crab</B> clicks.
[21:18:11]EMOTE: Tom/ : <B>Tom</B> squeaks.
[21:18:43]ACCESS: Logout: Linteir/(Nolan Morris)
