

Starting up. 01:18.04
---------------------
[01:18:07]ADMIN: Loading jobban_rank
[01:18:07]ADMIN: jobban_keylist was empty
[01:18:07]ADMIN: Loading Banlist
[01:18:13]DEBUG: Rebuilding Master Controller
[01:19:40]ACCESS: Login: Linteir/(Linteir) from 127.0.0.1-3070425652 || BYOND v506
[01:20:49]ADMIN: Linteir has started the game.
[01:20:50]ACCESS: Logout: *no key*/(Linteir)
[01:20:50]ACCESS: Login: Linteir/(Zord) from 127.0.0.1-3070425652 || BYOND v506
[01:20:59]DEBUG: Next event of severity Mundane in 13.26 minutes.
[01:20:59]DEBUG: Next event of severity Moderate in 36.136 minutes.
[01:20:59]DEBUG: Next event of severity Major in 86.6117 minutes.
[01:21:02]EMOTE: mouse (405)/ : <B>The mouse (405)</B> runs in a circle.
[01:21:16]EMOTE: crab/ : <B>The crab</B> clacks.
[01:21:56]SAY: grey baby slime (557)/ : Blorble...
[01:22:15]EMOTE: Tom/ : <B>Tom</B> squeaks.
[01:22:48]SAY: mouse (405)/ : Squeek?
[01:24:52]ACCESS: Logout: *no key*/(Sweetie)
[01:24:52]ACCESS: Login: Linteir/(Sweetie) from 127.0.0.1-3070425652 || BYOND v506
[01:25:03]SAY: grey baby slime (557)/ : Lonely...
[01:25:07]ADMIN: Linteir/(Sweetie) spawned /mob/living/carbon/human at (113,112,1)
[01:25:10]EMOTE: mouse (225)/ : <B>The mouse (225)</B> scritches at something.
[01:25:28]ADMIN: Linteir/(Sweetie) assumed direct control of the unknown.
[01:25:28]ACCESS: Logout: *no key*/(Sweetie)
[01:25:28]ACCESS: Login: linteir/(unknown) from 127.0.0.1-3070425652 || BYOND v506
[01:25:42]EMOTE: Ian/ : <B>Ian</B> shakes its head.
[01:26:34]EMOTE: mouse (405)/ : <B>The mouse (405)</B> runs in a circle.
[01:26:43]ADMIN: Linteir/(unknown) modified unknown's icon to icons/mob/animal.dmi
[01:26:58]ADMIN: Linteir/(unknown) modified unknown's icon_state to pony_twi
[01:27:24]EMOTE: Ian/ : <B>Ian</B> dances around
[01:27:26]EMOTE: Ian/ : <B>Ian</B> shivers.
[01:27:52]SAY: mouse (809)/ : Squeek?
[01:27:58]ADMIN: linteir/(unknown) deleted the unknown at (128,119,1)
[01:27:58]ACCESS: Logout: *no key*/(unknown)
[01:27:58]ACCESS: Login: linteir/(unknown) from 127.0.0.1-3070425652 || BYOND v506
[01:28:04]SAY: Ian/ : Woof!
[01:28:12]ADMIN: linteir/(unknown) spawned /mob/living/simple_animal/hostile/carp at (128,119,1)
[01:28:23]EMOTE: Ian/ : <B>Ian</B> chases their tail
[01:29:21]ADMIN: Linteir/(unknown) modified space carp's icon_state to pony_trixie
[01:29:37]ADMIN: Linteir/(unknown) modified space carp's icon_living to pony_trixie
[01:29:49]ADMIN: Linteir/(unknown) modified space carp's icon_dead to pony_trixie_sit
[01:30:04]SAY: Experiment 97d/ : EHEHEHEHEH
[01:30:20]ADMIN: linteir/(unknown) spawned /mob/living/carbon/monkey/tajara at (128,118,1)
[01:30:20]EMOTE: space carp/ : <B>The space carp</B> nashes at the farwa (805)
[01:30:44]EMOTE: space carp/ : <B>The space carp</B> nashes at the farwa (805)
[01:30:51]EMOTE: space carp/ : <B>The space carp</B> nashes at the farwa (805)
[01:30:58]ADMIN: linteir/(unknown) spawned /mob/living/carbon/human at (133,114,1)
[01:30:58]EMOTE: space carp/ : <B>The space carp</B> nashes at the unknown
[01:31:21]ADMIN: linteir/(unknown) assumed direct control of the unknown.
[01:31:21]ACCESS: Logout: *no key*/(unknown)
[01:31:21]ACCESS: Login: linteir/(unknown) from 127.0.0.1-3070425652 || BYOND v506
[01:31:43]ADMIN: linteir/(unknown) changed the equipment of linteir/(unknown) to death commando.
[01:32:10]ATTACK: linteir/(unknown) shot (/obj/item/projectile/beam/pulse) *no key*/(space carp) (INTENT: HURT) (<A HREF='?_src_=holder;adminplayerobservecoodjump=1;X=137;Y=114;Z=1'>JMP</a>)
[01:33:48]SAY: Ian/ : Woof!
[01:34:16]SAY: grey baby slime (124)/ : Lonely...
[01:34:28]EMOTE: Experiment 97d/ : <B>Experiment 97d</B> glares around.
[01:35:04]ADMIN: linteir/(unknown) spawned /obj/item/weapon/kitchenknife at (141,102,1)
[01:35:33]EMOTE: Ian/ : <B>Ian</B> dances around
[01:35:34]ADMIN: linteir/(unknown) made all areas powered
[01:35:35]ADMIN: linteir/(unknown) used secret power
[01:35:41]ADMIN: linteir/(unknown) made all SMESs powered
[01:35:41]ADMIN: linteir/(unknown) used secret quickpower
[01:36:44]EMOTE: mouse (479)/ : <B>The mouse (479)</B> shakes.
[01:37:28]EMOTE: Runtime/ : <B>Runtime</B> mews.
[01:37:47]EMOTE: mouse (479)/ : <B>The mouse (479)</B> runs in a circle.
[01:38:19]DEBUG: Next event of severity Mundane in 14.292 minutes.
[01:38:19]DEBUG: Starting event 'Economic News' of severity Mundane.
[01:41:33]SAY: Experiment 97d/ : Eh?
[01:42:25]SAY: grey baby slime (557)/ : Blorble...
[01:43:15]EMOTE: crab/ : <B>The crab</B> clacks.
[01:43:53]ADMIN: linteir/(unknown) spawned /obj/item/stack/sheet/animalhide/corgi at (144,143,1)
[01:44:23]EMOTE: Experiment 68a/ : <B>Experiment 68a</B> clicks.
[01:44:38]EMOTE: Ian/ : <B>Ian</B> dances around
[01:44:57]EMOTE: Ian/ : <B>Ian</B> chases their tail
[01:44:58]ADMIN: linteir/(unknown) spawned /obj/item/stack/sheet/animalhide/corgi at (144,142,1)
[01:45:28]ADMIN: linteir/(unknown) spawned /mob/living/simple_animal/corgi/Ian at (145,143,1)
[01:45:39]EMOTE: Runtime/ : <B>Runtime</B> shakes their head.
[01:46:37]EMOTE: Runtime/ : <B>Runtime</B> meows.
[01:46:37]SAY: Experiment 97d/ : Eh?
[01:46:37]EMOTE: Ian/ : <B>Ian</B> chases their tail
[01:46:44]DEBUG: Event 'Economic News' has completed at 12:20.
[01:47:07]EMOTE: Ian/ : <B>Ian</B> chases their tail
[01:47:16]ADMIN: linteir/(unknown) spawned /mob/living/carbon/monkey at (145,142,1)
[01:47:27]ATTACK: unknown (linteir) gibbed the monkey (105) () (<A HREF='?_src_=holder;adminplayerobservecoodjump=1;X=145;Y=142;Z=1'>JMP</a>)
[01:47:28]EMOTE: Experiment 68a/ : <B>Experiment 68a</B> clacks.
[01:47:43]EMOTE: Ian/ : <B>Ian</B> dances around
[01:47:53]EMOTE: Coffee/ : <B>Coffee</B> clacks.
[01:48:06]ATTACK: unknown (linteir) gibbed Ian () (<A HREF='?_src_=holder;adminplayerobservecoodjump=1;X=145;Y=142;Z=1'>JMP</a>)
[01:48:25]ADMIN: linteir/(unknown) spawned /mob/living/simple_animal/lizard at (145,142,1)
[01:48:38]EMOTE: Ian/ : <B>Ian</B> chases their tail
[01:48:41]ATTACK: unknown (linteir) gibbed Lizard () (<A HREF='?_src_=holder;adminplayerobservecoodjump=1;X=145;Y=142;Z=1'>JMP</a>)
[01:49:19]EMOTE: Coffee/ : <B>Coffee</B> clacks.
[01:49:35]ADMIN: linteir/(unknown) spawned /mob/living/carbon/alien at (145,142,1)
[01:49:43]EMOTE: Coffee/ : <B>Coffee</B> clicks.
[01:49:59]EMOTE: Coffee/ : <B>Coffee</B> clacks.
[01:50:02]ADMIN: linteir/(unknown) spawned /mob/living/simple_animal/hostile/alien at (144,142,1)
[01:50:08]EMOTE: Coffee/ : <B>Coffee</B> clacks.
[01:50:17]ATTACK: linteir/(unknown) grabbed the neck of *no key*/(alien hunter)
[01:50:19]ATTACK: unknown (linteir) gibbed the alien hunter () (<A HREF='?_src_=holder;adminplayerobservecoodjump=1;X=144;Y=142;Z=1'>JMP</a>)
[01:50:30]EMOTE: Ian/ : <B>Ian</B> chases their tail
[01:50:32]SAY: unknown/linteir : Так-то
[01:51:29]ADMIN: linteir/(unknown) healed / revived linteir/(unknown)
[01:52:08]ADMIN: linteir/(unknown) deleted the alien (318) at (147,141,1)
[01:53:07]EMOTE: Experiment 68a/ : <B>Experiment 68a</B> clicks.
[01:53:23]ADMIN: linteir/(unknown) spawned /obj/item/weapon/reagent_containers/food/snacks/sliceable/flatdough at (152,137,1)
[01:53:35]ADMIN: linteir/(unknown) spawned /obj/item/weapon/reagent_containers/food/snacks/dough at (153,137,1)
[01:53:48]ADMIN: linteir/(unknown) spawned /obj/item/weapon/reagent_containers/food/snacks/dough at (152,137,1)
[01:54:10]EMOTE: Runtime/ : <B>Runtime</B> mews.
[01:54:15]EMOTE: Ian/ : <B>Ian</B> chases their tail
[01:54:34]ADMIN: linteir/(unknown) spawned /obj/item/weapon/reagent_containers/food/snacks/doughslice at (153,137,1)
[01:55:08]ADMIN: linteir/(unknown) healed / revived linteir/(unknown)
[01:55:23]SAY: Runtime/ : HSSSSS
[01:55:51]EMOTE: Experiment 68a/ : <B>Experiment 68a</B> clacks.
[01:56:14]ADMIN: linteir/(unknown) spawned /mob/living/simple_animal/cat at (145,142,1)
[01:56:27]ATTACK: unknown (linteir) gibbed the cat () (<A HREF='?_src_=holder;adminplayerobservecoodjump=1;X=145;Y=142;Z=1'>JMP</a>)
[01:56:44]ADMIN: linteir/(unknown) spawned /mob/living/simple_animal/mouse/gray at (145,142,1)
[01:56:46]EMOTE: Ian/ : <B>Ian</B> dances around
[01:56:48]DEBUG: Next event of severity Mundane in 17.92 minutes.
[01:56:48]DEBUG: Starting event 'Mundane News' of severity Mundane.
[01:56:51]SAY: Ian/ : YAP
[01:56:57]ATTACK: unknown (linteir) gibbed the mouse (802) () (<A HREF='?_src_=holder;adminplayerobservecoodjump=1;X=145;Y=142;Z=1'>JMP</a>)
[01:57:14]DEBUG: Event 'Mundane News' has completed at 12:28.
[01:57:26]EMOTE: Runtime/ : <B>Runtime</B> shakes their head.
[01:57:35]EMOTE: Ian/ : <B>Ian</B> dances around
[01:58:14]EMOTE: Ian/ : <B>Ian</B> chases their tail
[01:58:20]ADMIN: linteir/(unknown) spawned /mob/living/simple_animal/hostile/carp at (145,142,1)
[01:58:21]EMOTE: space carp/ : <B>The space carp</B> nashes at the unknown
[01:58:42]EMOTE: Ian/ : <B>Ian</B> dances around
[01:58:46]ATTACK: unknown (linteir) gibbed the space carp () (<A HREF='?_src_=holder;adminplayerobservecoodjump=1;X=145;Y=142;Z=1'>JMP</a>)
[01:58:57]ADMIN: linteir/(unknown) healed / revived linteir/(unknown)
[01:59:37]ADMIN: linteir/(unknown) spawned /mob/living/simple_animal/mushroom at (145,142,1)
[01:59:46]EMOTE: Ian/ : <B>Ian</B> chases their tail
[02:00:04]ATTACK: unknown (linteir) gibbed the walking mushroom () (<A HREF='?_src_=holder;adminplayerobservecoodjump=1;X=145;Y=142;Z=1'>JMP</a>)
[02:00:08]EMOTE: Ian/ : <B>Ian</B> dances around
[02:00:12]EMOTE: crab/ : <B>The crab</B> clicks.
[02:00:15]EMOTE: Runtime/ : <B>Runtime</B> shivers.
[02:00:27]ADMIN: linteir/(unknown) spawned /obj/item/weapon/kitchenknife at (145,142,1)
[02:01:02]ADMIN: linteir/(unknown) spawned /mob/living/carbon/human/tajaran at (145,142,1)
[02:01:22]ADMIN: linteir/(unknown) changed the equipment of linteir/(unknown) to assassin.
[02:01:30]EMOTE: Experiment 68a/ : <B>Experiment 68a</B> clicks.
[02:01:51]ADMIN: linteir/(unknown) changed the equipment of linteir/(unknown) to death commando.
[02:01:51]EMOTE: crab/ : <B>The crab</B> clicks.
[02:02:03]SAY: grey baby slime (557)/ : Blop...
[02:02:35]EMOTE: Coffee/ : <B>Coffee</B> clicks.
[02:02:50]ADMIN: linteir/(unknown) changed the equipment of *no key*/(unknown) to assassin.
[02:03:17]SAY: Ian/ : YAP
[02:04:05]ATTACK: unknown (linteir) gibbed the unknown () (<A HREF='?_src_=holder;adminplayerobservecoodjump=1;X=146;Y=142;Z=1'>JMP</a>)
[02:04:27]EMOTE: Experiment 68a/ : <B>Experiment 68a</B> clicks.
[02:05:14]EMOTE: crab/ : <B>The crab</B> clicks.
[02:06:01]ADMIN: <a href='?priv_msg=[0x5000000]'>linteir</a>/(unknown) is changing the Icarus position.
[02:06:11]ADMIN: <a href='?priv_msg=[0x5000000]'>linteir</a>/(unknown) has fired the Icarus main gun projectile at 150-137-1
[02:06:25]ADMIN: <a href='?priv_msg=[0x5000000]'>linteir</a>/(unknown) has fired the Icarus point defense laser at 150-137-1
[02:06:29]ADMIN: <a href='?priv_msg=[0x5000000]'>linteir</a>/(unknown) has fired the Icarus point defense laser at 150-137-1
[02:06:37]ADMIN: <a href='?priv_msg=[0x5000000]'>linteir</a>/(unknown) has fired the Icarus point defense laser at 147-137-1
[02:06:45]ADMIN: <a href='?priv_msg=[0x5000000]'>linteir</a>/(unknown) has fired the Icarus main gun projectile at 147-137-1
[02:06:48]ADMIN: <a href='?priv_msg=[0x5000000]'>linteir</a>/(unknown) has fired the Icarus main gun projectile at 147-137-1
[02:06:50]ADMIN: <a href='?priv_msg=[0x5000000]'>linteir</a>/(unknown) has fired the Icarus main gun projectile at 147-137-1
[02:07:48]EMOTE: Ian/ : <B>Ian</B> chases their tail
[02:08:07]EMOTE: Ian/ : <B>Ian</B> barks.
[02:08:20]DEBUG: Next event of severity Moderate in 46.006 minutes.
[02:08:20]DEBUG: Starting event 'Nothing' of severity Moderate.
[02:08:22]DEBUG: Event 'Nothing' has completed at 12:37.
[02:08:37]SAY: Runtime/ : Purr!
[02:09:33]ADMIN: <a href='?priv_msg=[0x5000000]'>linteir</a>/(unknown) has fired the Icarus main gun projectile at 128-137-1
[02:09:49]ADMIN: <a href='?priv_msg=[0x5000000]'>linteir</a>/(unknown) has fired the Icarus point defense laser at 128-137-1
[02:09:53]EMOTE: Coffee/ : <B>Coffee</B> clicks.
[02:09:55]ADMIN: <a href='?priv_msg=[0x5000000]'>linteir</a>/(unknown) has fired the Icarus point defense laser at 128-137-1
[02:09:59]ADMIN: <a href='?priv_msg=[0x5000000]'>linteir</a>/(unknown) has fired the Icarus point defense laser at 128-137-1
[02:09:59]ATTACK: UNKNOWN shot the unknown (linteir) with a point defense laser (<A HREF='?_src_=holder;adminplayerobservecoodjump=1;X=128;Y=137;Z=1'>JMP</a>)
[02:10:12]EMOTE: Experiment 68a/ : <B>Experiment 68a</B> clacks.
[02:10:14]ADMIN: <a href='?priv_msg=[0x5000000]'>linteir</a>/(unknown) has fired the Icarus main gun projectile at 128-137-1
[02:11:06]ADMIN: <a href='?priv_msg=[0x5000000]'>linteir</a>/(unknown) has fired the Icarus main gun projectile at 142-137-1
[02:11:44]EMOTE: crab/ : <B>The crab</B> clacks.
[02:11:54]SAY: grey baby slime (124)/ : Blorble...
[02:11:56]SAY: Ian/ : Woof!
[02:12:03]ADMIN: <a href='?priv_msg=[0x5000000]'>linteir</a>/(unknown) has fired the Icarus main gun projectile at 156-137-1
[02:13:03]ADMIN: <a href='?priv_msg=[0x5000000]'>linteir</a>/(unknown) has fired the Icarus main gun projectile at 175-137-1
[02:13:09]EMOTE: Ian/ : <B>Ian</B> dances around
[02:13:14]SAY: grey baby slime (557)/ : Where is the food?
[02:13:18]EMOTE: crab/ : <B>The crab</B> clicks.
[02:13:54]SAY: grey baby slime (124)/ : Hungry...
[02:14:05]ADMIN: <a href='?priv_msg=[0x5000000]'>linteir</a>/(unknown) has fired the Icarus main gun projectile at 177-137-1
[02:14:51]EMOTE: Coffee/ : <B>Coffee</B> clicks.
[02:14:53]ADMIN: <a href='?priv_msg=[0x5000000]'>linteir</a>/(unknown) has fired the Icarus main gun projectile at 189-137-1
[02:15:39]ADMIN: <a href='?priv_msg=[0x5000000]'>linteir</a>/(unknown) has fired the Icarus main gun projectile at 195-137-1
[02:17:08]ADMIN: <a href='?priv_msg=[0x5000000]'>linteir</a>/(unknown) is changing the Icarus position.
[02:17:20]ADMIN: <a href='?priv_msg=[0x5000000]'>linteir</a>/(unknown) has fired the Icarus point defense laser at 196-137-1
[02:17:35]EMOTE: Ian/ : <B>Ian</B> chases their tail
[02:17:36]ACCESS: Logout: *no key*/(unknown)
[02:17:36]ACCESS: Login: linteir/(unknown) from 127.0.0.1-3070425652 || BYOND v506
[02:17:48]ADMIN: linteir/(unknown) changed their view range to 14.
[02:17:56]ADMIN: linteir/(unknown) changed their view range to 7.
[02:17:59]ADMIN: linteir/(unknown) changed their view range to 128.
[02:18:19]ADMIN: <a href='?priv_msg=[0x5000000]'>linteir</a>/(unknown) has fired the Icarus point defense laser at 190-137-1
[02:18:22]EMOTE: Experiment 68a/ : <B>Experiment 68a</B> clacks.
[02:18:26]EMOTE: Experiment 68a/ : <B>Experiment 68a</B> clacks.
[02:18:38]ADMIN: linteir/(unknown) changed their view range to 7.
[02:18:44]ADMIN: linteir/(unknown) changed their view range to 14.
[02:19:03]ADMIN: <a href='?priv_msg=[0x5000000]'>linteir</a>/(unknown) has fired the Icarus point defense laser at 189-129-1
[02:19:05]ADMIN: <a href='?priv_msg=[0x5000000]'>linteir</a>/(unknown) has fired the Icarus point defense laser at 189-129-1
[02:19:07]ADMIN: <a href='?priv_msg=[0x5000000]'>linteir</a>/(unknown) has fired the Icarus point defense laser at 189-129-1
[02:19:09]ADMIN: <a href='?priv_msg=[0x5000000]'>linteir</a>/(unknown) has fired the Icarus point defense laser at 189-129-1
[02:19:10]ADMIN: <a href='?priv_msg=[0x5000000]'>linteir</a>/(unknown) has fired the Icarus point defense laser at 189-129-1
[02:19:11]ADMIN: <a href='?priv_msg=[0x5000000]'>linteir</a>/(unknown) has fired the Icarus point defense laser at 189-129-1
[02:19:12]ADMIN: <a href='?priv_msg=[0x5000000]'>linteir</a>/(unknown) has fired the Icarus point defense laser at 189-129-1
[02:19:23]ADMIN: <a href='?priv_msg=[0x5000000]'>linteir</a>/(unknown) has fired the Icarus point defense laser at 138-129-1
[02:19:36]ADMIN: <a href='?priv_msg=[0x5000000]'>linteir</a>/(unknown) has fired the Icarus point defense laser at 121-129-1
[02:19:39]ADMIN: <a href='?priv_msg=[0x5000000]'>linteir</a>/(unknown) has fired the Icarus point defense laser at 121-129-1
[02:19:41]ADMIN: <a href='?priv_msg=[0x5000000]'>linteir</a>/(unknown) has fired the Icarus point defense laser at 121-129-1
[02:19:43]ADMIN: <a href='?priv_msg=[0x5000000]'>linteir</a>/(unknown) has fired the Icarus point defense laser at 121-129-1
[02:19:47]ADMIN: <a href='?priv_msg=[0x5000000]'>linteir</a>/(unknown) has fired the Icarus main gun projectile at 121-129-1
[02:20:01]EMOTE: Experiment 97d/ : <B>Experiment 97d</B> stamps a foot.
[02:20:26]EMOTE: Ian/ : <B>Ian</B> dances around
[02:21:07]EMOTE: Ian/ : <B>Ian</B> dances around
[02:21:10]ADMIN: <a href='?priv_msg=[0x5000000]'>linteir</a>/(unknown) has fired the Icarus point defense laser at 50-137-1
[02:21:18]DEBUG: Next event of severity Mundane in 12.276 minutes.
[02:21:18]DEBUG: Starting event 'Trivial News' of severity Mundane.
[02:21:31]ADMIN: <a href='?priv_msg=[0x5000000]'>linteir</a>/(unknown) is changing the Icarus position.
[02:21:38]EMOTE: unknown/@Linteir : <B>The unknown</B> gasps!
[02:21:40]ADMIN: <a href='?priv_msg=[0x5000000]'>linteir</a>/(unknown) has fired the Icarus point defense laser at 82-148-1
[02:21:43]DEBUG: Event 'Trivial News' has completed at 12:46.
[02:21:48]ADMIN: <a href='?priv_msg=[0x5000000]'>linteir</a>/(unknown) has fired the Icarus point defense laser at 82-148-1
[02:22:06]EMOTE: unknown/@Linteir : <B>The unknown</B> gasps!
[02:22:11]SAY: grey baby slime (557)/ : Hungry...
[02:22:13]ADMIN: <a href='?priv_msg=[0x5000000]'>linteir</a>/(unknown) is changing the Icarus position.
[02:22:21]ADMIN: <a href='?priv_msg=[0x5000000]'>linteir</a>/(unknown) has fired the Icarus point defense laser at 82-148-1
[02:22:26]EMOTE: Ian/ : <B>Ian</B> chases their tail
[02:22:28]ADMIN: <a href='?priv_msg=[0x5000000]'>linteir</a>/(unknown) is changing the Icarus position.
[02:22:44]ADMIN: <a href='?priv_msg=[0x5000000]'>linteir</a>/(unknown) has fired the Icarus point defense laser at 82-148-1
[02:22:54]ADMIN: <a href='?priv_msg=[0x5000000]'>linteir</a>/(unknown) has fired the Icarus point defense laser at 82-185-1
[02:22:55]ADMIN: <a href='?priv_msg=[0x5000000]'>linteir</a>/(unknown) has fired the Icarus point defense laser at 82-185-1
[02:22:56]ADMIN: <a href='?priv_msg=[0x5000000]'>linteir</a>/(unknown) has fired the Icarus point defense laser at 82-185-1
[02:23:00]ADMIN: <a href='?priv_msg=[0x5000000]'>linteir</a>/(unknown) has fired the Icarus main gun projectile at 82-185-1
[02:23:04]EMOTE: Ian/ : <B>Ian</B> woofs.
[02:23:11]ADMIN: <a href='?priv_msg=[0x5000000]'>linteir</a>/(unknown) has fired the Icarus main gun projectile at 82-185-1
[02:23:19]ADMIN: <a href='?priv_msg=[0x5000000]'>linteir</a>/(unknown) has fired the Icarus main gun projectile at 82-185-1
[02:23:28]ADMIN: <a href='?priv_msg=[0x5000000]'>linteir</a>/(unknown) has fired the Icarus main gun projectile at 82-185-1
[02:23:36]ADMIN: <a href='?priv_msg=[0x5000000]'>linteir</a>/(unknown) has fired the Icarus main gun projectile at 82-185-1
[02:23:39]ADMIN: <a href='?priv_msg=[0x5000000]'>linteir</a>/(unknown) has fired the Icarus main gun projectile at 82-185-1
[02:23:44]ADMIN: <a href='?priv_msg=[0x5000000]'>linteir</a>/(unknown) has fired the Icarus main gun projectile at 82-185-1
[02:23:57]EMOTE: Ian/ : <B>Ian</B> yaps.
[02:23:58]ADMIN: <a href='?priv_msg=[0x5000000]'>linteir</a>/(unknown) has fired the Icarus main gun projectile at 82-185-1
[02:24:01]EMOTE: Ian/ : <B>Ian</B> chases their tail
[02:24:13]ADMIN: <a href='?priv_msg=[0x5000000]'>linteir</a>/(unknown) has fired the Icarus point defense laser at 82-171-1
[02:24:18]ADMIN: <a href='?priv_msg=[0x5000000]'>linteir</a>/(unknown) has fired the Icarus point defense laser at 82-161-1
[02:24:20]ADMIN: <a href='?priv_msg=[0x5000000]'>linteir</a>/(unknown) has fired the Icarus point defense laser at 82-161-1
[02:24:21]ADMIN: <a href='?priv_msg=[0x5000000]'>linteir</a>/(unknown) has fired the Icarus point defense laser at 82-161-1
[02:24:22]SAY: Runtime/ : HSSSSS
[02:24:22]ADMIN: <a href='?priv_msg=[0x5000000]'>linteir</a>/(unknown) has fired the Icarus point defense laser at 82-161-1
[02:24:24]ADMIN: <a href='?priv_msg=[0x5000000]'>linteir</a>/(unknown) has fired the Icarus point defense laser at 82-161-1
[02:24:26]ADMIN: <a href='?priv_msg=[0x5000000]'>linteir</a>/(unknown) has fired the Icarus point defense laser at 82-161-1
[02:24:32]ADMIN: <a href='?priv_msg=[0x5000000]'>linteir</a>/(unknown) has fired the Icarus point defense laser at 82-150-1
[02:24:36]ADMIN: <a href='?priv_msg=[0x5000000]'>linteir</a>/(unknown) has fired the Icarus point defense laser at 82-147-1
[02:24:37]ADMIN: <a href='?priv_msg=[0x5000000]'>linteir</a>/(unknown) has fired the Icarus point defense laser at 82-147-1
[02:24:38]ADMIN: <a href='?priv_msg=[0x5000000]'>linteir</a>/(unknown) has fired the Icarus point defense laser at 82-147-1
[02:24:40]ADMIN: <a href='?priv_msg=[0x5000000]'>linteir</a>/(unknown) has fired the Icarus point defense laser at 82-147-1
[02:24:42]ADMIN: <a href='?priv_msg=[0x5000000]'>linteir</a>/(unknown) has fired the Icarus point defense laser at 82-147-1
[02:24:48]ADMIN: <a href='?priv_msg=[0x5000000]'>linteir</a>/(unknown) has fired the Icarus main gun projectile at 82-147-1
[02:25:08]ADMIN: <a href='?priv_msg=[0x5000000]'>linteir</a>/(unknown) has fired the Icarus main gun projectile at 82-147-1
[02:25:12]ADMIN: <a href='?priv_msg=[0x5000000]'>linteir</a>/(unknown) has fired the Icarus main gun projectile at 82-147-1
[02:25:46]SAY: grey baby slime (124)/ : Blop...
[02:26:04]ADMIN: <a href='?priv_msg=[0x5000000]'>linteir</a>/(unknown) has fired the Icarus point defense laser at 82-147-1
[02:26:08]ADMIN: <a href='?priv_msg=[0x5000000]'>linteir</a>/(unknown) has fired the Icarus main gun projectile at 82-147-1
[02:26:41]ADMIN: <a href='?priv_msg=[0x5000000]'>linteir</a>/(unknown) is changing the Icarus position.
[02:26:55]ADMIN: <a href='?priv_msg=[0x5000000]'>linteir</a>/(unknown) has fired the Icarus point defense laser at 64-169-1
[02:26:56]EMOTE: Runtime/ : <B>Runtime</B> mews.
[02:27:01]EMOTE: Experiment 68a/ : <B>Experiment 68a</B> clacks.
[02:27:02]ADMIN: <a href='?priv_msg=[0x5000000]'>linteir</a>/(unknown) has fired the Icarus main gun projectile at 64-169-1
[02:27:16]ADMIN: <a href='?priv_msg=[0x5000000]'>linteir</a>/(unknown) has fired the Icarus main gun projectile at 65-169-1
[02:27:27]ADMIN: <a href='?priv_msg=[0x5000000]'>linteir</a>/(unknown) has fired the Icarus main gun projectile at 65-168-1
[02:27:49]ADMIN: <a href='?priv_msg=[0x5000000]'>linteir</a>/(unknown) has fired the Icarus main gun projectile at 73-159-1
[02:28:09]EMOTE: unknown/@Linteir : <B>The unknown</B> gasps!
[02:28:20]EMOTE: unknown/@Linteir : <B>The unknown</B> gasps!
[02:28:25]ADMIN: <a href='?priv_msg=[0x5000000]'>linteir</a>/(unknown) is changing the Icarus position.
[02:28:34]ADMIN: <a href='?priv_msg=[0x5000000]'>linteir</a>/(unknown) has fired the Icarus point defense laser at 87-108-1
[02:28:36]ADMIN: <a href='?priv_msg=[0x5000000]'>linteir</a>/(unknown) has fired the Icarus point defense laser at 87-108-1
[02:28:40]ADMIN: <a href='?priv_msg=[0x5000000]'>linteir</a>/(unknown) has fired the Icarus main gun projectile at 87-108-1
[02:28:47]EMOTE: unknown/@Linteir : <B>The unknown</B> gasps!
[02:29:01]ADMIN: <a href='?priv_msg=[0x5000000]'>linteir</a>/(unknown) has fired the Icarus point defense laser at 95-109-1
[02:29:04]ADMIN: <a href='?priv_msg=[0x5000000]'>linteir</a>/(unknown) has fired the Icarus point defense laser at 95-109-1
[02:29:05]ADMIN: <a href='?priv_msg=[0x5000000]'>linteir</a>/(unknown) has fired the Icarus point defense laser at 95-109-1
[02:29:09]ADMIN: <a href='?priv_msg=[0x5000000]'>linteir</a>/(unknown) has fired the Icarus point defense laser at 95-109-1
[02:29:09]ADMIN: <a href='?priv_msg=[0x5000000]'>linteir</a>/(unknown) has fired the Icarus point defense laser at 95-109-1
[02:29:15]ADMIN: <a href='?priv_msg=[0x5000000]'>linteir</a>/(unknown) has fired the Icarus point defense laser at 106-109-1
[02:29:16]ADMIN: <a href='?priv_msg=[0x5000000]'>linteir</a>/(unknown) has fired the Icarus point defense laser at 106-109-1
[02:29:18]ADMIN: <a href='?priv_msg=[0x5000000]'>linteir</a>/(unknown) has fired the Icarus point defense laser at 106-109-1
[02:29:20]EMOTE: unknown/@Linteir : <B>The unknown</B> gasps!
[02:29:23]ADMIN: <a href='?priv_msg=[0x5000000]'>linteir</a>/(unknown) has fired the Icarus main gun projectile at 106-109-1
[02:29:27]SAY: Ian/ : Bark!
[02:29:34]EMOTE: unknown/@Linteir : <B>The unknown</B> gasps!
[02:29:44]ADMIN: <a href='?priv_msg=[0x5000000]'>linteir</a>/(unknown) has fired the Icarus point defense laser at 106-109-1
[02:29:46]ADMIN: <a href='?priv_msg=[0x5000000]'>linteir</a>/(unknown) has fired the Icarus point defense laser at 106-109-1
[02:29:51]ADMIN: <a href='?priv_msg=[0x5000000]'>linteir</a>/(unknown) has fired the Icarus point defense laser at 124-109-1
[02:29:53]ADMIN: <a href='?priv_msg=[0x5000000]'>linteir</a>/(unknown) has fired the Icarus point defense laser at 124-109-1
[02:29:55]ADMIN: <a href='?priv_msg=[0x5000000]'>linteir</a>/(unknown) has fired the Icarus point defense laser at 124-109-1
[02:29:56]EMOTE: unknown/@Linteir : <B>The unknown</B> gasps!
[02:29:57]ADMIN: <a href='?priv_msg=[0x5000000]'>linteir</a>/(unknown) has fired the Icarus point defense laser at 124-109-1
[02:29:58]ADMIN: <a href='?priv_msg=[0x5000000]'>linteir</a>/(unknown) has fired the Icarus point defense laser at 124-109-1
[02:29:58]ATTACK: UNKNOWN shot Runtime () with a laser (<A HREF='?_src_=holder;adminplayerobservecoodjump=1;X=144;Y=109;Z=1'>JMP</a>)
[02:30:03]ADMIN: <a href='?priv_msg=[0x5000000]'>linteir</a>/(unknown) has fired the Icarus point defense laser at 137-109-1
[02:30:04]EMOTE: unknown/@Linteir : <B>The unknown</B> gasps!
[02:30:05]ADMIN: <a href='?priv_msg=[0x5000000]'>linteir</a>/(unknown) has fired the Icarus point defense laser at 137-109-1
[02:30:17]ADMIN: <a href='?priv_msg=[0x5000000]'>linteir</a>/(unknown) has fired the Icarus point defense laser at 159-109-1
[02:30:19]ADMIN: <a href='?priv_msg=[0x5000000]'>linteir</a>/(unknown) has fired the Icarus point defense laser at 159-109-1
[02:30:21]ADMIN: <a href='?priv_msg=[0x5000000]'>linteir</a>/(unknown) has fired the Icarus point defense laser at 159-109-1
[02:30:22]ADMIN: <a href='?priv_msg=[0x5000000]'>linteir</a>/(unknown) has fired the Icarus point defense laser at 159-109-1
[02:30:23]ADMIN: <a href='?priv_msg=[0x5000000]'>linteir</a>/(unknown) has fired the Icarus point defense laser at 159-109-1
[02:30:24]ADMIN: <a href='?priv_msg=[0x5000000]'>linteir</a>/(unknown) has fired the Icarus point defense laser at 159-109-1
[02:30:27]EMOTE: unknown/@Linteir : <B>The unknown</B> gasps!
[02:30:27]ADMIN: <a href='?priv_msg=[0x5000000]'>linteir</a>/(unknown) is changing the Icarus position.
[02:30:37]ADMIN: <a href='?priv_msg=[0x5000000]'>linteir</a>/(unknown) has fired the Icarus main gun projectile at 159-109-1
[02:31:01]ADMIN: <a href='?priv_msg=[0x5000000]'>linteir</a>/(unknown) has fired the Icarus main gun projectile at 123-109-1
[02:31:12]ADMIN: <a href='?priv_msg=[0x5000000]'>linteir</a>/(unknown) has fired the Icarus main gun projectile at 123-109-1
[02:31:20]ADMIN: <a href='?priv_msg=[0x5000000]'>linteir</a>/(unknown) has fired the Icarus main gun projectile at 123-109-1
[02:31:25]EMOTE: unknown/@Linteir : <B>The unknown</B> gasps!
[02:31:30]SAY: grey baby slime (124)/ : Blorble...
[02:31:38]ADMIN: <a href='?priv_msg=[0x5000000]'>linteir</a>/(unknown) has fired the Icarus main gun projectile at 123-109-1
[02:31:51]ADMIN: <a href='?priv_msg=[0x5000000]'>linteir</a>/(unknown) has fired the Icarus point defense laser at 131-109-1
[02:31:58]ADMIN: <a href='?priv_msg=[0x5000000]'>linteir</a>/(unknown) has fired the Icarus point defense laser at 131-109-1
[02:32:03]ADMIN: <a href='?priv_msg=[0x5000000]'>linteir</a>/(unknown) has fired the Icarus point defense laser at 131-109-1
[02:32:03]ADMIN: <a href='?priv_msg=[0x5000000]'>linteir</a>/(unknown) has fired the Icarus point defense laser at 131-109-1
[02:32:08]ADMIN: <a href='?priv_msg=[0x5000000]'>linteir</a>/(unknown) has fired the Icarus point defense laser at 131-109-1
[02:32:13]ADMIN: <a href='?priv_msg=[0x5000000]'>linteir</a>/(unknown) has fired the Icarus point defense laser at 145-109-1
[02:32:21]EMOTE: unknown/@Linteir : <B>The unknown</B> gasps!
[02:32:23]ADMIN: <a href='?priv_msg=[0x5000000]'>linteir</a>/(unknown) has fired the Icarus main gun projectile at 152-109-1
[02:32:26]ADMIN: <a href='?priv_msg=[0x5000000]'>linteir</a>/(unknown) has fired the Icarus main gun projectile at 152-109-1
[02:32:29]ADMIN: <a href='?priv_msg=[0x5000000]'>linteir</a>/(unknown) has fired the Icarus main gun projectile at 152-109-1
[02:32:33]ADMIN: <a href='?priv_msg=[0x5000000]'>linteir</a>/(unknown) has fired the Icarus main gun projectile at 152-109-1
[02:33:14]ADMIN: <a href='?priv_msg=[0x5000000]'>linteir</a>/(unknown) has fired the Icarus point defense laser at 168-109-1
[02:33:20]ADMIN: <a href='?priv_msg=[0x5000000]'>linteir</a>/(unknown) has fired the Icarus point defense laser at 168-109-1
[02:33:23]ADMIN: <a href='?priv_msg=[0x5000000]'>linteir</a>/(unknown) has fired the Icarus point defense laser at 180-109-1
[02:33:25]ADMIN: <a href='?priv_msg=[0x5000000]'>linteir</a>/(unknown) has fired the Icarus point defense laser at 180-109-1
[02:33:28]ADMIN: <a href='?priv_msg=[0x5000000]'>linteir</a>/(unknown) has fired the Icarus point defense laser at 180-109-1
[02:33:58]ADMIN: linteir/(unknown) jumped to Mining Station Communications
[02:34:07]ADMIN: <a href='?priv_msg=[0x5000000]'>linteir</a>/(unknown) is changing the Icarus position.
[02:34:07]EMOTE: Ian/ : <B>Ian</B> shivers.
[02:34:25]SAY: grey baby slime (124)/ : Hungry...
[02:34:26]ADMIN: <a href='?priv_msg=[0x5000000]'>linteir</a>/(unknown) has fired the Icarus point defense laser at 73-95-5
[02:34:36]ADMIN: <a href='?priv_msg=[0x5000000]'>linteir</a>/(unknown) has fired the Icarus point defense laser at 26-95-5
[02:34:44]ADMIN: <a href='?priv_msg=[0x5000000]'>linteir</a>/(unknown) has fired the Icarus main gun projectile at 26-95-5
[02:34:46]ADMIN: <a href='?priv_msg=[0x5000000]'>linteir</a>/(unknown) has fired the Icarus main gun projectile at 26-95-5
[02:34:48]ADMIN: <a href='?priv_msg=[0x5000000]'>linteir</a>/(unknown) has fired the Icarus main gun projectile at 26-95-5
[02:34:50]ADMIN: <a href='?priv_msg=[0x5000000]'>linteir</a>/(unknown) has fired the Icarus main gun projectile at 26-95-5
[02:34:52]ADMIN: <a href='?priv_msg=[0x5000000]'>linteir</a>/(unknown) has fired the Icarus main gun projectile at 26-95-5
[02:34:52]ADMIN: <a href='?priv_msg=[0x5000000]'>linteir</a>/(unknown) has fired the Icarus main gun projectile at 26-95-5
[02:34:53]ADMIN: <a href='?priv_msg=[0x5000000]'>linteir</a>/(unknown) has fired the Icarus main gun projectile at 26-95-5
[02:34:53]ADMIN: <a href='?priv_msg=[0x5000000]'>linteir</a>/(unknown) has fired the Icarus main gun projectile at 26-95-5
[02:35:03]ADMIN: <a href='?priv_msg=[0x5000000]'>linteir</a>/(unknown) has fired the Icarus main gun projectile at 70-95-5
[02:35:12]ADMIN: <a href='?priv_msg=[0x5000000]'>linteir</a>/(unknown) has fired the Icarus main gun projectile at 70-95-5
[02:35:13]EMOTE: Ian/ : <B>Ian</B> dances around
[02:35:14]ADMIN: <a href='?priv_msg=[0x5000000]'>linteir</a>/(unknown) has fired the Icarus main gun projectile at 70-95-5
[02:35:14]ADMIN: <a href='?priv_msg=[0x5000000]'>linteir</a>/(unknown) has fired the Icarus main gun projectile at 70-95-5
[02:35:15]ADMIN: <a href='?priv_msg=[0x5000000]'>linteir</a>/(unknown) has fired the Icarus main gun projectile at 70-95-5
[02:35:16]ADMIN: <a href='?priv_msg=[0x5000000]'>linteir</a>/(unknown) has fired the Icarus main gun projectile at 70-95-5
[02:35:28]ADMIN: <a href='?priv_msg=[0x5000000]'>linteir</a>/(unknown) has fired the Icarus main gun projectile at 79-95-5
[02:35:30]ADMIN: <a href='?priv_msg=[0x5000000]'>linteir</a>/(unknown) has fired the Icarus main gun projectile at 79-95-5
[02:35:32]ADMIN: <a href='?priv_msg=[0x5000000]'>linteir</a>/(unknown) has fired the Icarus main gun projectile at 79-95-5
[02:35:34]ADMIN: <a href='?priv_msg=[0x5000000]'>linteir</a>/(unknown) has fired the Icarus main gun projectile at 79-95-5
[02:35:36]ADMIN: <a href='?priv_msg=[0x5000000]'>linteir</a>/(unknown) has fired the Icarus main gun projectile at 79-95-5
[02:35:51]EMOTE: crab/ : <B>The crab</B> clacks.
[02:36:03]GAME: Explosion with size (1, 2, 3) in area Mine 
[02:36:12]SAY: Ian/ : YAP
[02:36:18]GAME: Explosion with size (2, 3, 4) in area Mine 
[02:36:32]GAME: Explosion with size (3, 5, 7) in area Mine 
[02:37:10]GAME: Explosion with size (0, 0, 0) in area Mine 
[02:37:36]GAME: Explosion with size (0, 0, 0) in area Mine 
[02:37:58]GAME: Explosion with size (1, 1, 1) in area Mine 
[02:38:25]GAME: Explosion with size (5, 7, 10) in area Mine 
[02:38:37]EMOTE: Ian/ : <B>Ian</B> barks.
[02:39:01]DEBUG: Next event of severity Mundane in 13.576 minutes.
[02:39:01]DEBUG: Starting event 'Brand Intelligence' of severity Mundane.
[02:39:07]GAME: Explosion with size (6, 1, 1) in area Mine 
[02:39:40]GAME: Explosion with size (6, 7, 8) in area Mine 
[02:39:48]EMOTE: Ian/ : <B>Ian</B> chases their tail
[02:40:07]EMOTE: Coffee/ : <B>Coffee</B> clicks.
[02:40:59]EMOTE: Ian/ : <B>Ian</B> chases their tail
[02:41:39]ADMIN: linteir/(unknown) changed their view range to 7.
[02:41:48]ADMIN: linteir/(unknown) spawned /mob/living/carbon/human at (141,151,1)
[02:42:04]ADMIN: linteir/(unknown) deleted the unknown at (141,151,1)
[02:42:18]ADMIN: linteir/(unknown) teleported @Linteir/(unknown)
[02:42:21]ACCESS: Logout: *no key*/(unknown)
[02:42:21]ACCESS: Login: linteir/(unknown) from 127.0.0.1-3070425652 || BYOND v506
[02:42:29]ADMIN: linteir/(unknown) healed / revived linteir/(unknown)
[02:44:48]SAY: grey baby slime (557)/ : Blop...
[02:45:40]EMOTE: Experiment 68a/ : <B>Experiment 68a</B> clacks.
[02:45:53]ADMIN: linteir/(unknown) spawned /obj/item/weapon/card/emag at (141,150,1)
[02:45:57]GAME: linteir/(unknown) emagged the Holodeck Control Computer
[02:46:09]EMOTE: Experiment 97d/ : <B>Experiment 97d</B> shakes its head.
[02:46:33]EMOTE: Ian/ : <B>Ian</B> dances around
[02:46:38]EMOTE: crab/ : <B>The crab</B> clicks.
[02:46:59]EMOTE: crab/ : <B>The crab</B> clacks.
[02:47:32]EMOTE: Experiment 68a/ : <B>Experiment 68a</B> clicks.
[02:48:11]EMOTE: Ian/ : <B>Ian</B> dances around
[02:49:49]ACCESS: Logout: linteir/(unknown)
